#
# A fatal error has been detected by the Java Runtime Environment:
#
#  SIGSEGV (0xb) at pc=0x00007f87a654da0c, pid=8578, tid=8598
#
# JRE version: Java(TM) SE Runtime Environment (21.0.1+12) (build 21.0.1+12-LTS-29)
# Java VM: Java HotSpot(TM) 64-Bit Server VM (21.0.1+12-LTS-29, mixed mode, sharing, tiered, compressed oops, compressed class ptrs, g1 gc, linux-amd64)
# Problematic frame:
# V  [libjvm.so+0xd4da0c]  PhaseChaitin::Split(unsigned int, ResourceArea*)+0x111c
#
# Core dump will be written. Default location: Core dumps may be processed with "/usr/share/apport/apport -p%p -s%s -c%c -d%d -P%P -u%u -g%g -- %E" (or dumping to /home/arvind/CodeRepo/Java/GitProject/Java_Spring/content-calendar/core.8578)
#
# If you would like to submit a bug report, please visit:
#   https://bugreport.java.com/bugreport/crash.jsp
#

---------------  S U M M A R Y ------------

Command Line: -javaagent:/snap/intellij-idea-community/475/lib/idea_rt.jar=35661:/snap/intellij-idea-community/475/bin -Dfile.encoding=UTF-8 -Dsun.stdout.encoding=UTF-8 -Dsun.stderr.encoding=UTF-8 dev.arvip.contentcalendar.Application

Host: Intel(R) Core(TM) i5-3230M CPU @ 2.60GHz, 4 cores, 5G, Ubuntu 22.04.3 LTS
Time: Thu Jan  4 22:26:36 2024 EST elapsed time: 40.854475 seconds (0d 0h 0m 40s)

---------------  T H R E A D  ---------------

Current thread (0x00007f87a0122500):  JavaThread "C2 CompilerThread0" daemon [_thread_in_native, id=8598, stack(0x00007f8784800000,0x00007f8784900000) (1024K)]


Current CompileTask:
C2:  40867 4208   !   4       org.springframework.core.annotation.AnnotationsScanner::processClassHierarchy (234 bytes)

Stack: [0x00007f8784800000,0x00007f8784900000],  sp=0x00007f87848fbf30,  free space=1007k
Native frames: (J=compiled Java code, j=interpreted, Vv=VM code, C=native code)
V  [libjvm.so+0xd4da0c]  PhaseChaitin::Split(unsigned int, ResourceArea*)+0x111c
V  [libjvm.so+0x5a0e45]  PhaseChaitin::Register_Allocate()+0x745
V  [libjvm.so+0x642756]  Compile::Code_Gen()+0x326
V  [libjvm.so+0x646ad4]  Compile::Compile(ciEnv*, ciMethod*, int, Options, DirectiveSet*)+0x1574
V  [libjvm.so+0x5742c0]  C2Compiler::compile_method(ciEnv*, ciMethod*, int, bool, DirectiveSet*)+0x120
V  [libjvm.so+0x64c147]  CompileBroker::invoke_compiler_on_method(CompileTask*)+0xa97
V  [libjvm.so+0x64f228]  CompileBroker::compiler_thread_loop()+0x698
V  [libjvm.so+0x8f4c68]  JavaThread::thread_main_inner() [clone .part.0]+0xb8
V  [libjvm.so+0xe99918]  Thread::call_run()+0xa8
V  [libjvm.so+0xcbf89a]  thread_native_entry(Thread*)+0xda

siginfo: si_signo: 11 (SIGSEGV), si_code: 2 (SEGV_ACCERR), si_addr: 0x00007f870157b7b8

Registers:
RAX=0x00007f870157b790, RBX=0x0000000000000014, RCX=0x00007f870585fda0, RDX=0x000000000001bff9
RSP=0x00007f87848fbf30, RBP=0x00007f87848fc190, RSI=0x000000000000004e, RDI=0x00007f8704911778
R8 =0x0000000000000016, R9 =0x00007f8705b10ca8, R10=0x000000000000001b, R11=0x00007f87848fc590
R12=0x0000000000000014, R13=0x00007f8704d5f430, R14=0x00007f87848fc590, R15=0x00007f8704d5f430
RIP=0x00007f87a654da0c, EFLAGS=0x0000000000010206, CSGSFS=0x002b000000000033, ERR=0x0000000000000004
  TRAPNO=0x000000000000000e


Register to memory mapping:

RAX=0x00007f870157b790 is an unknown value
RBX=0x0000000000000014 is an unknown value
RCX=0x00007f870585fda0 points into unknown readable memory: 0x0000000000000000 | 00 00 00 00 00 00 00 00
RDX=0x000000000001bff9 is an unknown value
RSP=0x00007f87848fbf30 is pointing into the stack for thread: 0x00007f87a0122500
RBP=0x00007f87848fc190 is pointing into the stack for thread: 0x00007f87a0122500
RSI=0x000000000000004e is an unknown value
RDI=0x00007f8704911778 points into unknown readable memory: 0x00007f87049117b8 | b8 17 91 04 87 7f 00 00
R8 =0x0000000000000016 is an unknown value
R9 =0x00007f8705b10ca8 points into unknown readable memory: 0x0000000000000000 | 00 00 00 00 00 00 00 00
R10=0x000000000000001b is an unknown value
R11=0x00007f87848fc590 is pointing into the stack for thread: 0x00007f87a0122500
R12=0x0000000000000014 is an unknown value
R13=0x00007f8704d5f430 points into unknown readable memory: 0x00007f87a6b6f1b8 | b8 f1 b6 a6 87 7f 00 00
R14=0x00007f87848fc590 is pointing into the stack for thread: 0x00007f87a0122500
R15=0x00007f8704d5f430 points into unknown readable memory: 0x00007f87a6b6f1b8 | b8 f1 b6 a6 87 7f 00 00

Top of Stack: (sp=0x00007f87848fbf30)
0x00007f87848fbf30:   00007f87042a1890 00007f87042a18a0
0x00007f87848fbf40:   00000000000003d8 00007f87042a1c78
0x00007f87848fbf50:   000004910001c0a0 00007f8704beb6f8
0x00007f87848fbf60:   00007f87848fc0a0 00007f87042a1890
0x00007f87848fbf70:   00007f87042a18a0 00007f87a6c0c140
0x00007f87848fbf80:   00007f8704f1b170 00007f87848fc100
0x00007f87848fbf90:   00007f8704c50360 00007f8704beb690
0x00007f87848fbfa0:   00007f870585fda0 00007f8700000001
0x00007f87848fbfb0:   00007f8704bc9750 00007f8704bc9828
0x00007f87848fbfc0:   00007f8704bb7cf0 0000000000000001
0x00007f87848fbfd0:   00007f8704d5f430 00007f8704c503a0
0x00007f87848fbfe0:   00007f87848fc220 00007f87047b6110
0x00007f87848fbff0:   00000000000dffc8 00007f8704911778
0x00007f87848fc000:   0000000000000000 000000000000001b
0x00007f87848fc010:   000000000000004f 00000000000000a0
0x00007f87848fc020:   00007f8704be43a0 00007f8704be42c8
0x00007f87848fc030:   00007f870000004e 00007f8704bc3840
0x00007f87848fc040:   00007f870000004f 00007f8704bc67c8
0x00007f87848fc050:   00007f8700000024 00003c9900000000
0x00007f87848fc060:   00002ecb0000001b 00007f8704ba0650
0x00007f87848fc070:   00007f87848fc220 000000000000e9f2
0x00007f87848fc080:   00002ecb00000000 00007f8704bac1a0
0x00007f87848fc090:   00007f87848fc220 0000000000000000
0x00007f87848fc0a0:   00007f87848f0000 0000000000000000
0x00007f87848fc0b0:   00007f87848fc110 00007f87848fc100
0x00007f87848fc0c0:   0000754a00002e03 00007f87a685ac38
0x00007f87848fc0d0:   0000000000000000 0000000000000000
0x00007f87848fc0e0:   0000000000000000 00007f87a685ac38
0x00007f87848fc0f0:   00007f87048ccc00 00007f870585e7a0
0x00007f87848fc100:   0001000105555455 0001000100010001
0x00007f87848fc110:   0001000100010001 0001000100010001
0x00007f87848fc120:   0000000000010001 0000000000000000 

Instructions: (pc=0x00007f87a654da0c)
0x00007f87a654d90c:   ff ff 4d 89 de e9 26 fc ff ff 66 2e 0f 1f 84 00
0x00007f87a654d91c:   00 00 00 00 39 78 70 0f 87 87 fe ff ff 8b 40 6c
0x00007f87a654d92c:   4c 89 9d 58 fe ff ff 48 89 8d 60 fe ff ff 89 b5
0x00007f87a654d93c:   68 fe ff ff 89 9d 80 fe ff ff 89 85 88 fe ff ff
0x00007f87a654d94c:   e8 2f 47 58 ff 4c 8b 9d 58 fe ff ff 48 8b 8d 60
0x00007f87a654d95c:   fe ff ff 8b b5 68 fe ff ff 44 8b 85 80 fe ff ff
0x00007f87a654d96c:   e9 ef fe ff ff 0f 1f 80 00 00 00 00 49 8b 45 00
0x00007f87a654d97c:   4c 89 ef ff 90 88 00 00 00 8b 8d b0 fe ff ff 48
0x00007f87a654d98c:   89 85 68 fe ff ff 89 8d 80 fe ff ff 48 85 c0 74
0x00007f87a654d99c:   0e 48 89 c7 e8 2b f1 82 ff 89 85 80 fe ff ff 8b
0x00007f87a654d9ac:   85 b0 fe ff ff 8d 70 ff 89 b5 a0 fe ff ff 83 f8
0x00007f87a654d9bc:   01 0f 86 dc fb ff ff 4c 89 bd 58 fe ff ff 41 bc
0x00007f87a654d9cc:   01 00 00 00 4d 89 ef 0f 1f 44 00 00 44 39 a5 a0
0x00007f87a654d9dc:   fe ff ff 73 11 44 89 e0 2b 85 80 fe ff ff a8 01
0x00007f87a654d9ec:   0f 84 e6 05 00 00 44 89 e3 48 8d 04 dd 00 00 00
0x00007f87a654d9fc:   00 48 89 85 88 fe ff ff 49 8b 47 08 48 8b 04 d8
0x00007f87a654da0c:   48 63 50 28 49 8b 86 08 01 00 00 8b 04 90 41 39
0x00007f87a654da1c:   86 e0 00 00 00 0f 86 b1 05 00 00 48 8d 14 80 48
0x00007f87a654da2c:   8d 14 90 48 8d 0c d5 00 00 00 00 48 89 8d 60 fe
0x00007f87a654da3c:   ff ff 49 8b 4e 70 48 8b 49 20 81 7c d1 30 2e 75
0x00007f87a654da4c:   00 00 0f 8e 84 05 00 00 48 8b 8d 30 fe ff ff 48
0x00007f87a654da5c:   8b b5 68 fe ff ff 8b 04 81 48 8b 8d 98 fe ff ff
0x00007f87a654da6c:   89 85 40 fe ff ff 48 89 85 38 fe ff ff 48 8d 04
0x00007f87a654da7c:   c1 48 89 85 08 fe ff ff 4c 8b 28 48 85 f6 0f 84
0x00007f87a654da8c:   d8 02 00 00 8b 46 14 44 39 e0 0f 87 84 01 00 00
0x00007f87a654da9c:   44 39 66 18 0f 86 7a 01 00 00 83 e8 01 44 29 e0
0x00007f87a654daac:   a8 01 0f 84 6c 01 00 00 4c 89 ef 49 8b 5e 10 e8
0x00007f87a654dabc:   10 f2 f3 ff 84 c0 0f 85 7c 09 00 00 4c 89 ef e8
0x00007f87a654dacc:   50 10 f4 ff 48 89 c3 48 85 c0 0f 84 98 09 00 00
0x00007f87a654dadc:   4d 8b 46 10 48 8d 15 11 3a 69 00 41 8b 80 50 02
0x00007f87a654daec:   00 00 03 02 41 2b 80 78 02 00 00 41 3b 40 68 0f
0x00007f87a654dafc:   87 83 0e 00 00 4c 63 6b 28 41 8b 96 00 01 00 00 


Stack slot to memory mapping:

stack at sp + 0 slots: 0x00007f87042a1890 points into unknown readable memory: 0x00007f8704ba0640 | 40 06 ba 04 87 7f 00 00
stack at sp + 1 slots: 0x00007f87042a18a0 points into unknown readable memory: 0x00007f8700000002 | 02 00 00 00 87 7f 00 00
stack at sp + 2 slots: 0x00000000000003d8 is an unknown value
stack at sp + 3 slots: 0x00007f87042a1c78 points into unknown readable memory: 0x0000000000000095 | 95 00 00 00 00 00 00 00
stack at sp + 4 slots: 0x000004910001c0a0 is an unknown value
stack at sp + 5 slots: 0x00007f8704beb6f8 points into unknown readable memory: 0x0001010101010101 | 01 01 01 01 01 01 01 00
stack at sp + 6 slots: 0x00007f87848fc0a0 is pointing into the stack for thread: 0x00007f87a0122500
stack at sp + 7 slots: 0x00007f87042a1890 points into unknown readable memory: 0x00007f8704ba0640 | 40 06 ba 04 87 7f 00 00


---------------  P R O C E S S  ---------------

Threads class SMR info:
_java_thread_list=0x00007f87a0dbc720, length=15, elements={
0x00007f87a002bda0, 0x00007f87a011acb0, 0x00007f87a011c300, 0x00007f87a011dde0,
0x00007f87a011f420, 0x00007f87a01209c0, 0x00007f87a0122500, 0x00007f87a0123bc0,
0x00007f87a0165500, 0x00007f8718000ff0, 0x00007f87a03e8520, 0x00007f87a03ea6a0,
0x00007f87a0db9400, 0x00007f86dc02f9c0, 0x00007f87a0dba9c0
}

Java Threads: ( => current thread )
  0x00007f87a002bda0 JavaThread "main"                              [_thread_in_vm, id=8579, stack(0x00007f87a6d00000,0x00007f87a6e00000) (1024K)]
  0x00007f87a011acb0 JavaThread "Reference Handler"          daemon [_thread_blocked, id=8591, stack(0x00007f879ff00000,0x00007f87a0000000) (1024K)]
  0x00007f87a011c300 JavaThread "Finalizer"                  daemon [_thread_blocked, id=8593, stack(0x00007f8785248000,0x00007f8785348000) (1024K)]
  0x00007f87a011dde0 JavaThread "Signal Dispatcher"          daemon [_thread_blocked, id=8594, stack(0x00007f8784b00000,0x00007f8784c00000) (1024K)]
  0x00007f87a011f420 JavaThread "Service Thread"             daemon [_thread_blocked, id=8596, stack(0x00007f8784a00000,0x00007f8784b00000) (1024K)]
  0x00007f87a01209c0 JavaThread "Monitor Deflation Thread"   daemon [_thread_blocked, id=8597, stack(0x00007f8784900000,0x00007f8784a00000) (1024K)]
=>0x00007f87a0122500 JavaThread "C2 CompilerThread0"         daemon [_thread_in_native, id=8598, stack(0x00007f8784800000,0x00007f8784900000) (1024K)]
  0x00007f87a0123bc0 JavaThread "C1 CompilerThread0"         daemon [_thread_blocked, id=8599, stack(0x00007f8784700000,0x00007f8784800000) (1024K)]
  0x00007f87a0165500 JavaThread "Common-Cleaner"             daemon [_thread_blocked, id=8604, stack(0x00007f8784600000,0x00007f8784700000) (1024K)]
  0x00007f8718000ff0 JavaThread "Attach Listener"            daemon [_thread_blocked, id=8607, stack(0x00007f8784500000,0x00007f8784600000) (1024K)]
  0x00007f87a03e8520 JavaThread "Monitor Ctrl-Break"         daemon [_thread_in_native, id=8612, stack(0x00007f8784400000,0x00007f8784500000) (1024K)]
  0x00007f87a03ea6a0 JavaThread "Notification Thread"        daemon [_thread_blocked, id=8613, stack(0x00007f8784300000,0x00007f8784400000) (1024K)]
  0x00007f87a0db9400 JavaThread "Catalina-utility-1"                [_thread_blocked, id=8666, stack(0x00007f872ecff000,0x00007f872edff000) (1024K)]
  0x00007f86dc02f9c0 JavaThread "Catalina-utility-2"                [_thread_blocked, id=8667, stack(0x00007f872edff000,0x00007f872eeff000) (1024K)]
  0x00007f87a0dba9c0 JavaThread "container-0"                       [_thread_blocked, id=8668, stack(0x00007f872ebff000,0x00007f872ecff000) (1024K)]
Total: 15

Other Threads:
  0x00007f87a010d340 VMThread "VM Thread"                           [id=8589, stack(0x00007f87a4092000,0x00007f87a4192000) (1024K)]
  0x00007f87a00f31a0 WatcherThread "VM Periodic Task Thread"        [id=8587, stack(0x00007f87a4193000,0x00007f87a4293000) (1024K)]
  0x00007f87a0073b10 WorkerThread "GC Thread#0"                     [id=8580, stack(0x00007f87a4b78000,0x00007f87a4c78000) (1024K)]
  0x00007f871c007210 WorkerThread "GC Thread#1"                     [id=8626, stack(0x00007f8784200000,0x00007f8784300000) (1024K)]
  0x00007f871c00dba0 WorkerThread "GC Thread#2"                     [id=8627, stack(0x00007f87840ff000,0x00007f87841ff000) (1024K)]
  0x00007f871c008f20 WorkerThread "GC Thread#3"                     [id=8629, stack(0x00007f872ef00000,0x00007f872f000000) (1024K)]
  0x00007f87a00806c0 ConcurrentGCThread "G1 Main Marker"            [id=8581, stack(0x00007f87a4a77000,0x00007f87a4b77000) (1024K)]
  0x00007f87a0081660 WorkerThread "G1 Conc#0"                       [id=8582, stack(0x00007f87a4976000,0x00007f87a4a76000) (1024K)]
  0x00007f87a00e0560 ConcurrentGCThread "G1 Refine#0"               [id=8583, stack(0x00007f87a4471000,0x00007f87a4571000) (1024K)]
  0x00007f87a00e1510 ConcurrentGCThread "G1 Service"                [id=8584, stack(0x00007f87a4370000,0x00007f87a4470000) (1024K)]
Total: 10

Threads with active compile tasks:
C2 CompilerThread0    41026 4208   !   4       org.springframework.core.annotation.AnnotationsScanner::processClassHierarchy (234 bytes)
Total: 1

VM state: not at safepoint (normal execution)

VM Mutex/Monitor currently owned by a thread: None

Heap address: 0x00000000a5200000, size: 1454 MB, Compressed Oops mode: 32-bit

CDS archive(s) mapped at: [0x00007f872f000000-0x00007f872fcab000-0x00007f872fcab000), size 13283328, SharedBaseAddress: 0x00007f872f000000, ArchiveRelocationMode: 1.
Compressed class space mapped at: 0x00007f8730000000-0x00007f8770000000, reserved size: 1073741824
Narrow klass base: 0x00007f872f000000, Narrow klass shift: 0, Narrow klass range: 0x100000000

GC Precious Log:
 CardTable entry size: 512
 Card Set container configuration: InlinePtr #cards 5 size 8 Array Of Cards #cards 12 size 40 Howl #buckets 4 coarsen threshold 1843 Howl Bitmap #cards 512 size 80 coarsen threshold 460 Card regions per heap region 1 cards per card region 2048
 CPUs: 4 total, 4 available
 Memory: 5808M
 Large Page Support: Disabled
 NUMA Support: Disabled
 Compressed Oops: Enabled (32-bit)
 Heap Region Size: 1M
 Heap Min Capacity: 8M
 Heap Initial Capacity: 92M
 Heap Max Capacity: 1454M
 Pre-touch: Disabled
 Parallel Workers: 4
 Concurrent Workers: 1
 Concurrent Refinement Workers: 4
 Periodic GC: Disabled

Heap:
 garbage-first heap   total 51200K, used 22635K [0x00000000a5200000, 0x0000000100000000)
  region size 1024K, 8 young (8192K), 3 survivors (3072K)
 Metaspace       used 33077K, committed 33600K, reserved 1114112K
  class space    used 4291K, committed 4544K, reserved 1048576K

Heap Regions: E=young(eden), S=young(survivor), O=old, HS=humongous(starts), HC=humongous(continues), CS=collection set, F=free, TAMS=top-at-mark-start, PB=parsable bottom
|   0|0x00000000a5200000, 0x00000000a5300000, 0x00000000a5300000|100%| O|  |TAMS 0x00000000a5200000| PB 0x00000000a5200000| Untracked 
|   1|0x00000000a5300000, 0x00000000a5400000, 0x00000000a5400000|100%| O|  |TAMS 0x00000000a5300000| PB 0x00000000a5300000| Untracked 
|   2|0x00000000a5400000, 0x00000000a5500000, 0x00000000a5500000|100%| O|  |TAMS 0x00000000a5400000| PB 0x00000000a5400000| Untracked 
|   3|0x00000000a5500000, 0x00000000a5600000, 0x00000000a5600000|100%| O|  |TAMS 0x00000000a5500000| PB 0x00000000a5500000| Untracked 
|   4|0x00000000a5600000, 0x00000000a5700000, 0x00000000a5700000|100%| O|  |TAMS 0x00000000a5600000| PB 0x00000000a5600000| Untracked 
|   5|0x00000000a5700000, 0x00000000a5768580, 0x00000000a5800000| 40%| O|  |TAMS 0x00000000a5700000| PB 0x00000000a5700000| Untracked 
|   6|0x00000000a5800000, 0x00000000a5900000, 0x00000000a5900000|100%| O|  |TAMS 0x00000000a5800000| PB 0x00000000a5800000| Untracked 
|   7|0x00000000a5900000, 0x00000000a5a00000, 0x00000000a5a00000|100%| O|  |TAMS 0x00000000a5900000| PB 0x00000000a5900000| Untracked 
|   8|0x00000000a5a00000, 0x00000000a5b00000, 0x00000000a5b00000|100%| O|  |TAMS 0x00000000a5a00000| PB 0x00000000a5a00000| Untracked 
|   9|0x00000000a5b00000, 0x00000000a5c00000, 0x00000000a5c00000|100%| O|  |TAMS 0x00000000a5b00000| PB 0x00000000a5b00000| Untracked 
|  10|0x00000000a5c00000, 0x00000000a5d00000, 0x00000000a5d00000|100%| O|  |TAMS 0x00000000a5c00000| PB 0x00000000a5c00000| Untracked 
|  11|0x00000000a5d00000, 0x00000000a5e00000, 0x00000000a5e00000|100%| O|  |TAMS 0x00000000a5d00000| PB 0x00000000a5d00000| Untracked 
|  12|0x00000000a5e00000, 0x00000000a5f00000, 0x00000000a5f00000|100%| O|  |TAMS 0x00000000a5e00000| PB 0x00000000a5e00000| Untracked 
|  13|0x00000000a5f00000, 0x00000000a6000000, 0x00000000a6000000|100%| O|  |TAMS 0x00000000a5f00000| PB 0x00000000a5f00000| Untracked 
|  14|0x00000000a6000000, 0x00000000a6100000, 0x00000000a6100000|100%| O|  |TAMS 0x00000000a6000000| PB 0x00000000a6000000| Untracked 
|  15|0x00000000a6100000, 0x00000000a6100000, 0x00000000a6200000|  0%| F|  |TAMS 0x00000000a6100000| PB 0x00000000a6100000| Untracked 
|  16|0x00000000a6200000, 0x00000000a6200000, 0x00000000a6300000|  0%| F|  |TAMS 0x00000000a6200000| PB 0x00000000a6200000| Untracked 
|  17|0x00000000a6300000, 0x00000000a6300000, 0x00000000a6400000|  0%| F|  |TAMS 0x00000000a6300000| PB 0x00000000a6300000| Untracked 
|  18|0x00000000a6400000, 0x00000000a6400000, 0x00000000a6500000|  0%| F|  |TAMS 0x00000000a6400000| PB 0x00000000a6400000| Untracked 
|  19|0x00000000a6500000, 0x00000000a65b28f0, 0x00000000a6600000| 69%| S|CS|TAMS 0x00000000a6500000| PB 0x00000000a6500000| Complete 
|  20|0x00000000a6600000, 0x00000000a6700000, 0x00000000a6700000|100%| S|CS|TAMS 0x00000000a6600000| PB 0x00000000a6600000| Complete 
|  21|0x00000000a6700000, 0x00000000a6700000, 0x00000000a6800000|  0%| F|  |TAMS 0x00000000a6700000| PB 0x00000000a6700000| Untracked 
|  22|0x00000000a6800000, 0x00000000a6800000, 0x00000000a6900000|  0%| F|  |TAMS 0x00000000a6800000| PB 0x00000000a6800000| Untracked 
|  23|0x00000000a6900000, 0x00000000a6900000, 0x00000000a6a00000|  0%| F|  |TAMS 0x00000000a6900000| PB 0x00000000a6900000| Untracked 
|  24|0x00000000a6a00000, 0x00000000a6b00000, 0x00000000a6b00000|100%| S|CS|TAMS 0x00000000a6a00000| PB 0x00000000a6a00000| Complete 
|  25|0x00000000a6b00000, 0x00000000a6b00000, 0x00000000a6c00000|  0%| F|  |TAMS 0x00000000a6b00000| PB 0x00000000a6b00000| Untracked 
|  26|0x00000000a6c00000, 0x00000000a6c00000, 0x00000000a6d00000|  0%| F|  |TAMS 0x00000000a6c00000| PB 0x00000000a6c00000| Untracked 
|  27|0x00000000a6d00000, 0x00000000a6d00000, 0x00000000a6e00000|  0%| F|  |TAMS 0x00000000a6d00000| PB 0x00000000a6d00000| Untracked 
|  28|0x00000000a6e00000, 0x00000000a6e00000, 0x00000000a6f00000|  0%| F|  |TAMS 0x00000000a6e00000| PB 0x00000000a6e00000| Untracked 
|  29|0x00000000a6f00000, 0x00000000a6f00000, 0x00000000a7000000|  0%| F|  |TAMS 0x00000000a6f00000| PB 0x00000000a6f00000| Untracked 
|  30|0x00000000a7000000, 0x00000000a7000000, 0x00000000a7100000|  0%| F|  |TAMS 0x00000000a7000000| PB 0x00000000a7000000| Untracked 
|  31|0x00000000a7100000, 0x00000000a7100000, 0x00000000a7200000|  0%| F|  |TAMS 0x00000000a7100000| PB 0x00000000a7100000| Untracked 
|  32|0x00000000a7200000, 0x00000000a7200000, 0x00000000a7300000|  0%| F|  |TAMS 0x00000000a7200000| PB 0x00000000a7200000| Untracked 
|  33|0x00000000a7300000, 0x00000000a7300000, 0x00000000a7400000|  0%| F|  |TAMS 0x00000000a7300000| PB 0x00000000a7300000| Untracked 
|  34|0x00000000a7400000, 0x00000000a7400000, 0x00000000a7500000|  0%| F|  |TAMS 0x00000000a7400000| PB 0x00000000a7400000| Untracked 
|  35|0x00000000a7500000, 0x00000000a7500000, 0x00000000a7600000|  0%| F|  |TAMS 0x00000000a7500000| PB 0x00000000a7500000| Untracked 
|  36|0x00000000a7600000, 0x00000000a7600000, 0x00000000a7700000|  0%| F|  |TAMS 0x00000000a7600000| PB 0x00000000a7600000| Untracked 
|  37|0x00000000a7700000, 0x00000000a7700000, 0x00000000a7800000|  0%| F|  |TAMS 0x00000000a7700000| PB 0x00000000a7700000| Untracked 
|  38|0x00000000a7800000, 0x00000000a7800000, 0x00000000a7900000|  0%| F|  |TAMS 0x00000000a7800000| PB 0x00000000a7800000| Untracked 
|  39|0x00000000a7900000, 0x00000000a7900000, 0x00000000a7a00000|  0%| F|  |TAMS 0x00000000a7900000| PB 0x00000000a7900000| Untracked 
|  40|0x00000000a7a00000, 0x00000000a7a00000, 0x00000000a7b00000|  0%| F|  |TAMS 0x00000000a7a00000| PB 0x00000000a7a00000| Untracked 
|  65|0x00000000a9300000, 0x00000000a9300000, 0x00000000a9400000|  0%| F|  |TAMS 0x00000000a9300000| PB 0x00000000a9300000| Untracked 
|  66|0x00000000a9400000, 0x00000000a9400000, 0x00000000a9500000|  0%| F|  |TAMS 0x00000000a9400000| PB 0x00000000a9400000| Untracked 
|  67|0x00000000a9500000, 0x00000000a9500000, 0x00000000a9600000|  0%| F|  |TAMS 0x00000000a9500000| PB 0x00000000a9500000| Untracked 
|  68|0x00000000a9600000, 0x00000000a9700000, 0x00000000a9700000|100%| E|  |TAMS 0x00000000a9600000| PB 0x00000000a9600000| Complete 
|  69|0x00000000a9700000, 0x00000000a9800000, 0x00000000a9800000|100%| E|CS|TAMS 0x00000000a9700000| PB 0x00000000a9700000| Complete 
|  70|0x00000000a9800000, 0x00000000a9900000, 0x00000000a9900000|100%| E|CS|TAMS 0x00000000a9800000| PB 0x00000000a9800000| Complete 
|  91|0x00000000aad00000, 0x00000000aae00000, 0x00000000aae00000|100%| E|CS|TAMS 0x00000000aad00000| PB 0x00000000aad00000| Complete 
|1452|0x00000000ffe00000, 0x00000000fff00000, 0x00000000fff00000|100%| O|  |TAMS 0x00000000ffe00000| PB 0x00000000ffe00000| Untracked 
|1453|0x00000000fff00000, 0x0000000100000000, 0x0000000100000000|100%| E|CS|TAMS 0x00000000fff00000| PB 0x00000000fff00000| Complete 

Card table byte_map: [0x00007f87a4c78000,0x00007f87a4f4f000] _byte_map_base: 0x00007f87a474f000

Marking Bits: (CMBitMap*) 0x00007f87a0074630
 Bits: [0x00007f8787348000, 0x00007f8788a00000)

Polling page: 0x00007f87a71e5000

Metaspace:

Usage:
  Non-class:     28.11 MB used.
      Class:      4.19 MB used.
       Both:     32.30 MB used.

Virtual space:
  Non-class space:       64.00 MB reserved,      28.38 MB ( 44%) committed,  1 nodes.
      Class space:        1.00 GB reserved,       4.44 MB ( <1%) committed,  1 nodes.
             Both:        1.06 GB reserved,      32.81 MB (  3%) committed. 

Chunk freelists:
   Non-Class:  3.34 MB
       Class:  11.53 MB
        Both:  14.88 MB

MaxMetaspaceSize: unlimited
CompressedClassSpaceSize: 1.00 GB
Initial GC threshold: 21.00 MB
Current GC threshold: 35.12 MB
CDS: on
 - commit_granule_bytes: 65536.
 - commit_granule_words: 8192.
 - virtual_space_node_default_size: 8388608.
 - enlarge_chunks_in_place: 1.
 - use_allocation_guard: 0.


Internal statistics:

num_allocs_failed_limit: 3.
num_arena_births: 676.
num_arena_deaths: 0.
num_vsnodes_births: 2.
num_vsnodes_deaths: 0.
num_space_committed: 525.
num_space_uncommitted: 0.
num_chunks_returned_to_freelist: 3.
num_chunks_taken_from_freelist: 1898.
num_chunk_merges: 3.
num_chunk_splits: 1268.
num_chunks_enlarged: 891.
num_inconsistent_stats: 0.

CodeHeap 'non-profiled nmethods': size=120032Kb used=2350Kb max_used=2350Kb free=117681Kb
 bounds [0x00007f87904c8000, 0x00007f8790738000, 0x00007f8797a00000]
CodeHeap 'profiled nmethods': size=120028Kb used=8946Kb max_used=8946Kb free=111081Kb
 bounds [0x00007f8788a00000, 0x00007f87892c0000, 0x00007f878ff37000]
CodeHeap 'non-nmethods': size=5700Kb used=1453Kb max_used=1480Kb free=4246Kb
 bounds [0x00007f878ff37000, 0x00007f87901a7000, 0x00007f87904c8000]
 total_blobs=4808 nmethods=4254 adapters=458
 compilation: enabled
              stopped_count=0, restarted_count=0
 full_count=0

Compilation events (20 events):
Event: 40.498 Thread 0x00007f87a0123bc0 nmethod 4213 0x00007f8789291010 code [0x00007f87892911c0, 0x00007f8789291370]
Event: 40.507 Thread 0x00007f87a0123bc0 4215       1       java.util.LinkedList::size (5 bytes)
Event: 40.507 Thread 0x00007f87a0123bc0 nmethod 4215 0x00007f8790712390 code [0x00007f8790712520, 0x00007f87907125e0]
Event: 40.510 Thread 0x00007f87a0123bc0 4216       3       java.lang.invoke.LambdaFormEditor::addArgumentForm (121 bytes)
Event: 40.511 Thread 0x00007f87a0123bc0 nmethod 4216 0x00007f8789291490 code [0x00007f87892916e0, 0x00007f8789291cd0]
Event: 40.511 Thread 0x00007f87a0123bc0 4218       3       java.lang.invoke.LambdaFormEditor$TransformKey::packedBytes (83 bytes)
Event: 40.512 Thread 0x00007f87a0123bc0 nmethod 4218 0x00007f8789292010 code [0x00007f87892921e0, 0x00007f87892925d8]
Event: 40.512 Thread 0x00007f87a0123bc0 4217       3       java.lang.invoke.LambdaFormEditor$TransformKey::of (83 bytes)
Event: 40.512 Thread 0x00007f87a0123bc0 nmethod 4217 0x00007f8789292790 code [0x00007f8789292980, 0x00007f8789292f98]
Event: 40.514 Thread 0x00007f87a0123bc0 4219       3       java.lang.String::toCharArray (25 bytes)
Event: 40.514 Thread 0x00007f87a0123bc0 nmethod 4219 0x00007f8789293290 code [0x00007f8789293460, 0x00007f8789293708]
Event: 40.514 Thread 0x00007f87a0123bc0 4220       3       java.lang.Module::getClassLoader (20 bytes)
Event: 40.515 Thread 0x00007f87a0123bc0 nmethod 4220 0x00007f8789293810 code [0x00007f87892939c0, 0x00007f8789293bb0]
Event: 40.558 Thread 0x00007f87a0123bc0 4221       3       java.lang.invoke.MethodHandles::argumentsWithCombinerChecks (197 bytes)
Event: 40.561 Thread 0x00007f87a0123bc0 nmethod 4221 0x00007f8789293c90 code [0x00007f87892940c0, 0x00007f87892959d8]
Event: 40.562 Thread 0x00007f87a0123bc0 4222       3       java.lang.reflect.AccessibleObject::verifyAccess (55 bytes)
Event: 40.563 Thread 0x00007f87a0123bc0 nmethod 4222 0x00007f8789296490 code [0x00007f87892966e0, 0x00007f87892972b8]
Event: 40.566 Thread 0x00007f87a0123bc0 4223       3       org.springframework.beans.factory.support.AbstractBeanDefinition::hasPropertyValues (23 bytes)
Event: 40.566 Thread 0x00007f87a0123bc0 nmethod 4223 0x00007f8789297590 code [0x00007f8789297740, 0x00007f8789297a90]
Event: 40.566 Thread 0x00007f87a0123bc0 4224       3       org.springframework.beans.factory.support.AbstractBeanDefinition::<init> (461 bytes)

GC Heap History (14 events):
Event: 13.018 GC heap before
{Heap before GC invocations=0 (full 0):
 garbage-first heap   total 96256K, used 14366K [0x00000000a5200000, 0x0000000100000000)
  region size 1024K, 13 young (13312K), 0 survivors (0K)
 Metaspace       used 4349K, committed 4480K, reserved 1114112K
  class space    used 454K, committed 512K, reserved 1048576K
}
Event: 13.027 GC heap after
{Heap after GC invocations=1 (full 0):
 garbage-first heap   total 96256K, used 5340K [0x00000000a5200000, 0x0000000100000000)
  region size 1024K, 2 young (2048K), 2 survivors (2048K)
 Metaspace       used 4349K, committed 4480K, reserved 1114112K
  class space    used 454K, committed 512K, reserved 1048576K
}
Event: 16.392 GC heap before
{Heap before GC invocations=1 (full 0):
 garbage-first heap   total 96256K, used 18652K [0x00000000a5200000, 0x0000000100000000)
  region size 1024K, 15 young (15360K), 2 survivors (2048K)
 Metaspace       used 8305K, committed 8640K, reserved 1114112K
  class space    used 994K, committed 1152K, reserved 1048576K
}
Event: 16.401 GC heap after
{Heap after GC invocations=2 (full 0):
 garbage-first heap   total 96256K, used 6694K [0x00000000a5200000, 0x0000000100000000)
  region size 1024K, 2 young (2048K), 2 survivors (2048K)
 Metaspace       used 8305K, committed 8640K, reserved 1114112K
  class space    used 994K, committed 1152K, reserved 1048576K
}
Event: 22.512 GC heap before
{Heap before GC invocations=2 (full 0):
 garbage-first heap   total 96256K, used 41510K [0x00000000a5200000, 0x0000000100000000)
  region size 1024K, 37 young (37888K), 2 survivors (2048K)
 Metaspace       used 17336K, committed 17536K, reserved 1114112K
  class space    used 2153K, committed 2240K, reserved 1048576K
}
Event: 22.521 GC heap after
{Heap after GC invocations=3 (full 0):
 garbage-first heap   total 96256K, used 9502K [0x00000000a5200000, 0x0000000100000000)
  region size 1024K, 4 young (4096K), 4 survivors (4096K)
 Metaspace       used 17336K, committed 17536K, reserved 1114112K
  class space    used 2153K, committed 2240K, reserved 1048576K
}
Event: 27.685 GC heap before
{Heap before GC invocations=3 (full 0):
 garbage-first heap   total 96256K, used 29982K [0x00000000a5200000, 0x0000000100000000)
  region size 1024K, 25 young (25600K), 4 survivors (4096K)
 Metaspace       used 21251K, committed 21504K, reserved 1114112K
  class space    used 2664K, committed 2816K, reserved 1048576K
}
Event: 27.694 GC heap after
{Heap after GC invocations=4 (full 0):
 garbage-first heap   total 96256K, used 12736K [0x00000000a5200000, 0x0000000100000000)
  region size 1024K, 6 young (6144K), 6 survivors (6144K)
 Metaspace       used 21251K, committed 21504K, reserved 1114112K
  class space    used 2664K, committed 2816K, reserved 1048576K
}
Event: 29.581 GC heap before
{Heap before GC invocations=5 (full 0):
 garbage-first heap   total 51200K, used 37312K [0x00000000a5200000, 0x0000000100000000)
  region size 1024K, 30 young (30720K), 6 survivors (6144K)
 Metaspace       used 23709K, committed 24000K, reserved 1114112K
  class space    used 2978K, committed 3136K, reserved 1048576K
}
Event: 29.591 GC heap after
{Heap after GC invocations=6 (full 0):
 garbage-first heap   total 51200K, used 13708K [0x00000000a5200000, 0x0000000100000000)
  region size 1024K, 3 young (3072K), 3 survivors (3072K)
 Metaspace       used 23709K, committed 24000K, reserved 1114112K
  class space    used 2978K, committed 3136K, reserved 1048576K
}
Event: 32.640 GC heap before
{Heap before GC invocations=6 (full 0):
 garbage-first heap   total 51200K, used 37260K [0x00000000a5200000, 0x0000000100000000)
  region size 1024K, 27 young (27648K), 3 survivors (3072K)
 Metaspace       used 27406K, committed 27840K, reserved 1114112K
  class space    used 3512K, committed 3712K, reserved 1048576K
}
Event: 32.655 GC heap after
{Heap after GC invocations=7 (full 0):
 garbage-first heap   total 51200K, used 16019K [0x00000000a5200000, 0x0000000100000000)
  region size 1024K, 3 young (3072K), 3 survivors (3072K)
 Metaspace       used 27406K, committed 27840K, reserved 1114112K
  class space    used 3512K, committed 3712K, reserved 1048576K
}
Event: 40.549 GC heap before
{Heap before GC invocations=7 (full 0):
 garbage-first heap   total 51200K, used 40595K [0x00000000a5200000, 0x0000000100000000)
  region size 1024K, 27 young (27648K), 3 survivors (3072K)
 Metaspace       used 32817K, committed 33344K, reserved 1114112K
  class space    used 4255K, committed 4480K, reserved 1048576K
}
Event: 40.557 GC heap after
{Heap after GC invocations=8 (full 0):
 garbage-first heap   total 51200K, used 18539K [0x00000000a5200000, 0x0000000100000000)
  region size 1024K, 3 young (3072K), 3 survivors (3072K)
 Metaspace       used 32817K, committed 33344K, reserved 1114112K
  class space    used 4255K, committed 4480K, reserved 1048576K
}

Dll operation events (11 events):
Event: 0.078 Loaded shared library /usr/lib/jvm/jdk-21-oracle-x64/lib/libjava.so
Event: 1.310 Loaded shared library /usr/lib/jvm/jdk-21-oracle-x64/lib/libjsvml.so
Event: 1.390 Loaded shared library /usr/lib/jvm/jdk-21-oracle-x64/lib/libzip.so
Event: 1.422 Loaded shared library /usr/lib/jvm/jdk-21-oracle-x64/lib/libinstrument.so
Event: 1.459 Loaded shared library /usr/lib/jvm/jdk-21-oracle-x64/lib/libnio.so
Event: 1.584 Loaded shared library /usr/lib/jvm/jdk-21-oracle-x64/lib/libzip.so
Event: 2.250 Loaded shared library /usr/lib/jvm/jdk-21-oracle-x64/lib/libjimage.so
Event: 9.012 Loaded shared library /usr/lib/jvm/jdk-21-oracle-x64/lib/libnet.so
Event: 9.111 Loaded shared library /usr/lib/jvm/jdk-21-oracle-x64/lib/libextnet.so
Event: 39.786 Loaded shared library /usr/lib/jvm/jdk-21-oracle-x64/lib/libmanagement.so
Event: 39.788 Loaded shared library /usr/lib/jvm/jdk-21-oracle-x64/lib/libmanagement_ext.so

Deoptimization events (20 events):
Event: 40.091 Thread 0x00007f87a002bda0 DEOPT PACKING pc=0x00007f8790701b84 sp=0x00007f87a6df8680
Event: 40.091 Thread 0x00007f87a002bda0 DEOPT UNPACKING pc=0x00007f878ff8af99 sp=0x00007f87a6df8640 mode 2
Event: 40.091 Thread 0x00007f87a002bda0 Uncommon trap: trap_request=0xffffffd6 fr.pc=0x00007f8790701b84 relative=0x0000000000000844
Event: 40.091 Thread 0x00007f87a002bda0 Uncommon trap: reason=array_check action=maybe_recompile pc=0x00007f8790701b84 method=java.util.AbstractCollection.toArray([Ljava/lang/Object;)[Ljava/lang/Object; @ 116 c2
Event: 40.091 Thread 0x00007f87a002bda0 DEOPT PACKING pc=0x00007f8790701b84 sp=0x00007f87a6df8170
Event: 40.091 Thread 0x00007f87a002bda0 DEOPT UNPACKING pc=0x00007f878ff8af99 sp=0x00007f87a6df8130 mode 2
Event: 40.091 Thread 0x00007f87a002bda0 Uncommon trap: trap_request=0xffffffd6 fr.pc=0x00007f8790701b84 relative=0x0000000000000844
Event: 40.091 Thread 0x00007f87a002bda0 Uncommon trap: reason=array_check action=maybe_recompile pc=0x00007f8790701b84 method=java.util.AbstractCollection.toArray([Ljava/lang/Object;)[Ljava/lang/Object; @ 116 c2
Event: 40.091 Thread 0x00007f87a002bda0 DEOPT PACKING pc=0x00007f8790701b84 sp=0x00007f87a6df83f0
Event: 40.091 Thread 0x00007f87a002bda0 DEOPT UNPACKING pc=0x00007f878ff8af99 sp=0x00007f87a6df83b0 mode 2
Event: 40.100 Thread 0x00007f87a002bda0 Uncommon trap: trap_request=0xffffff45 fr.pc=0x00007f8790707b94 relative=0x0000000000000794
Event: 40.100 Thread 0x00007f87a002bda0 Uncommon trap: reason=unstable_if action=reinterpret pc=0x00007f8790707b94 method=java.lang.PublicMethods$MethodList.filter([Ljava/lang/reflect/Method;Ljava/lang/String;[Ljava/lang/Class;Z)Ljava/lang/PublicMethods$MethodList; @ 43 c2
Event: 40.100 Thread 0x00007f87a002bda0 DEOPT PACKING pc=0x00007f8790707b94 sp=0x00007f87a6df9360
Event: 40.100 Thread 0x00007f87a002bda0 DEOPT UNPACKING pc=0x00007f878ff8af99 sp=0x00007f87a6df9310 mode 2
Event: 40.147 Thread 0x00007f87a002bda0 DEOPT PACKING pc=0x00007f878920162c sp=0x00007f87a6dfb000
Event: 40.147 Thread 0x00007f87a002bda0 DEOPT UNPACKING pc=0x00007f878ff8b72f sp=0x00007f87a6dfa4f8 mode 0
Event: 40.569 Thread 0x00007f87a002bda0 Uncommon trap: trap_request=0xffffff45 fr.pc=0x00007f87906c7e34 relative=0x0000000000003c34
Event: 40.569 Thread 0x00007f87a002bda0 Uncommon trap: reason=unstable_if action=reinterpret pc=0x00007f87906c7e34 method=org.springframework.beans.factory.support.DefaultListableBeanFactory.doGetBeanNamesForType(Lorg/springframework/core/ResolvableType;ZZ)[Ljava/lang/String; @ 242 c2
Event: 40.569 Thread 0x00007f87a002bda0 DEOPT PACKING pc=0x00007f87906c7e34 sp=0x00007f87a6dfd670
Event: 40.569 Thread 0x00007f87a002bda0 DEOPT UNPACKING pc=0x00007f878ff8af99 sp=0x00007f87a6dfd648 mode 2

Classes loaded (20 events):
Event: 40.075 Loading class java/util/stream/ReduceOps$1
Event: 40.075 Loading class java/util/stream/ReduceOps$1 done
Event: 40.075 Loading class java/util/stream/ReduceOps$1ReducingSink
Event: 40.075 Loading class java/util/stream/ReduceOps$1ReducingSink done
Event: 40.284 Loading class java/util/stream/SortedOps$SizedRefSortingSink
Event: 40.284 Loading class java/util/stream/SortedOps$SizedRefSortingSink done
Event: 40.414 Loading class javax/net/ssl/SSLException
Event: 40.471 Loading class javax/net/ssl/SSLException done
Event: 40.471 Loading class java/io/EOFException
Event: 40.471 Loading class java/io/EOFException done
Event: 40.502 Loading class java/nio/channels/CompletionHandler
Event: 40.502 Loading class java/nio/channels/CompletionHandler done
Event: 40.515 Loading class java/util/concurrent/ScheduledThreadPoolExecutor$ScheduledFutureTask
Event: 40.516 Loading class java/util/concurrent/ScheduledThreadPoolExecutor$ScheduledFutureTask done
Event: 40.516 Loading class java/util/concurrent/Executors$RunnableAdapter
Event: 40.516 Loading class java/util/concurrent/Executors$RunnableAdapter done
Event: 40.516 Loading class java/util/concurrent/ThreadPoolExecutor$Worker
Event: 40.516 Loading class java/util/concurrent/ThreadPoolExecutor$Worker done
Event: 40.560 Loading class jdk/internal/event/ThreadSleepEvent
Event: 40.560 Loading class jdk/internal/event/ThreadSleepEvent done

Classes unloaded (0 events):
No events

Classes redefined (0 events):
No events

Internal exceptions (20 events):
Event: 34.082 Thread 0x00007f87a002bda0 Exception <a 'java/lang/NoSuchMethodError'{0x00000000a96a0d20}: 'java.lang.reflect.Field[] java.lang.Class.getDeclaredFields(java.lang.Class)'> (0x00000000a96a0d20) 
thrown [open/src/hotspot/share/interpreter/linkResolver.cpp, line 772]
Event: 34.448 Thread 0x00007f87a002bda0 Exception <a 'java/lang/NoSuchMethodError'{0x00000000a96f9ee0}: 'java.lang.Object java.lang.invoke.DirectMethodHandle$Holder.invokeVirtual(java.lang.Object, java.lang.Object, java.lang.Object, java.lang.Object, java.lang.Object, java.lang.Object)'> (0x00000000a96f9ee0) 
thrown [open/src/hotspot/share/interpreter/linkResolver.cpp, line 772]
Event: 34.557 Thread 0x00007f87a002bda0 Exception <a 'java/lang/NoSuchMethodError'{0x00000000a95e6fc0}: 'void java.lang.invoke.DirectMethodHandle$Holder.invokeInterface(java.lang.Object, java.lang.Object, int)'> (0x00000000a95e6fc0) 
thrown [open/src/hotspot/share/interpreter/linkResolver.cpp, line 772]
Event: 34.565 Thread 0x00007f87a002bda0 Exception <a 'java/lang/IncompatibleClassChangeError'{0x00000000a9429af8}: Found class java.lang.Object, but interface was expected> (0x00000000a9429af8) 
thrown [open/src/hotspot/share/interpreter/linkResolver.cpp, line 840]
Event: 34.567 Thread 0x00007f87a002bda0 Exception <a 'java/lang/NoSuchMethodError'{0x00000000a9437b60}: 'int java.lang.invoke.DirectMethodHandle$Holder.invokeSpecialIFC(java.lang.Object, java.lang.Object, java.lang.Object)'> (0x00000000a9437b60) 
thrown [open/src/hotspot/share/interpreter/linkResolver.cpp, line 772]
Event: 34.569 Thread 0x00007f87a002bda0 Exception <a 'java/lang/NoSuchMethodError'{0x00000000a9443ed8}: 'void java.lang.invoke.DirectMethodHandle$Holder.invokeStatic(java.lang.Object, int, java.lang.Object)'> (0x00000000a9443ed8) 
thrown [open/src/hotspot/share/interpreter/linkResolver.cpp, line 772]
Event: 34.650 Thread 0x00007f87a002bda0 Exception <a 'java/lang/NoSuchMethodError'{0x00000000a947bbf8}: 'void java.lang.invoke.DirectMethodHandle$Holder.invokeStatic(java.lang.Object, java.lang.Object, java.lang.Object, int, java.lang.Object)'> (0x00000000a947bbf8) 
thrown [open/src/hotspot/share/interpreter/linkResolver.cpp, line 772]
Event: 34.651 Thread 0x00007f87a002bda0 Exception <a 'java/lang/NoSuchMethodError'{0x00000000a9482438}: 'java.lang.Object java.lang.invoke.DirectMethodHandle$Holder.newInvokeSpecial(java.lang.Object, java.lang.Object, java.lang.Object, int)'> (0x00000000a9482438) 
thrown [open/src/hotspot/share/interpreter/linkResolver.cpp, line 772]
Event: 34.651 Thread 0x00007f87a002bda0 Exception <a 'java/lang/NoSuchMethodError'{0x00000000a94862b8}: 'java.lang.Object java.lang.invoke.DirectMethodHandle$Holder.invokeSpecial(java.lang.Object, java.lang.Object, java.lang.Object, java.lang.Object, int)'> (0x00000000a94862b8) 
thrown [open/src/hotspot/share/interpreter/linkResolver.cpp, line 772]
Event: 34.652 Thread 0x00007f87a002bda0 Exception <a 'java/lang/NoSuchMethodError'{0x00000000a9489740}: 'java.lang.Object java.lang.invoke.Invokers$Holder.linkToTargetMethod(java.lang.Object, java.lang.Object, int, java.lang.Object)'> (0x00000000a9489740) 
thrown [open/src/hotspot/share/interpreter/linkResolver.cpp, line 772]
Event: 38.509 Thread 0x00007f87a002bda0 Exception <a 'java/lang/NoSuchMethodError'{0x00000000a7672b40}: 'int java.lang.invoke.DirectMethodHandle$Holder.invokeVirtual(java.lang.Object, java.lang.Object, java.lang.Object, java.lang.Object)'> (0x00000000a7672b40) 
thrown [open/src/hotspot/share/interpreter/linkResolver.cpp, line 772]
Event: 38.510 Thread 0x00007f87a002bda0 Exception <a 'java/lang/NoSuchMethodError'{0x00000000a76763c0}: 'int java.lang.invoke.DelegatingMethodHandle$Holder.reinvoke_L(java.lang.Object, java.lang.Object, java.lang.Object, java.lang.Object)'> (0x00000000a76763c0) 
thrown [open/src/hotspot/share/interpreter/linkResolver.cpp, line 772]
Event: 39.800 Thread 0x00007f87a002bda0 Exception <a 'java/io/FileNotFoundException'{0x00000000a73ad628}> (0x00000000a73ad628) 
thrown [open/src/hotspot/share/prims/jni.cpp, line 520]
Event: 39.827 Thread 0x00007f87a002bda0 Exception <a 'java/lang/NoSuchMethodError'{0x00000000a72da6d0}: 'int java.lang.invoke.DirectMethodHandle$Holder.invokeInterface(java.lang.Object, java.lang.Object, java.lang.Object, java.lang.Object)'> (0x00000000a72da6d0) 
thrown [open/src/hotspot/share/interpreter/linkResolver.cpp, line 772]
Event: 40.071 Thread 0x00007f87a002bda0 Exception <a 'java/lang/NoSuchMethodError'{0x00000000a706acd8}: 'java.lang.Object java.lang.invoke.DirectMethodHandle$Holder.invokeStaticInit(java.lang.Object, java.lang.Object, java.lang.Object, java.lang.Object)'> (0x00000000a706acd8) 
thrown [open/src/hotspot/share/interpreter/linkResolver.cpp, line 772]
Event: 40.073 Thread 0x00007f87a002bda0 Exception <a 'java/lang/IncompatibleClassChangeError'{0x00000000a707b0b8}: Found class java.lang.Object, but interface was expected> (0x00000000a707b0b8) 
thrown [open/src/hotspot/share/interpreter/linkResolver.cpp, line 840]
Event: 40.074 Thread 0x00007f87a002bda0 Exception <a 'java/lang/IncompatibleClassChangeError'{0x00000000a7086ed0}: Found class java.lang.Object, but interface was expected> (0x00000000a7086ed0) 
thrown [open/src/hotspot/share/interpreter/linkResolver.cpp, line 840]
Event: 40.078 Thread 0x00007f87a002bda0 Exception <a 'java/lang/IncompatibleClassChangeError'{0x00000000a70af380}: Found class java.lang.Object, but interface was expected> (0x00000000a70af380) 
thrown [open/src/hotspot/share/interpreter/linkResolver.cpp, line 840]
Event: 40.502 Thread 0x00007f87a002bda0 Exception <a 'java/lang/NoSuchMethodError'{0x00000000a6b496e0}: 'long java.lang.invoke.DirectMethodHandle$Holder.invokeVirtual(java.lang.Object, java.lang.Object)'> (0x00000000a6b496e0) 
thrown [open/src/hotspot/share/interpreter/linkResolver.cpp, line 772]
Event: 40.563 Thread 0x00007f87a002bda0 Exception <a 'java/lang/NoSuchMethodError'{0x00000000fff1ad78}: 'void java.lang.invoke.Invokers$Holder.invokeExact_MT(java.lang.Object, java.lang.Object, java.lang.Object, java.lang.Object)'> (0x00000000fff1ad78) 
thrown [open/src/hotspot/share/interpreter/linkResolver.cpp, line 772]

ZGC Phase Switch (0 events):
No events

VM Operations (20 events):
Event: 38.453 Executing VM operation: Cleanup
Event: 38.453 Executing VM operation: Cleanup done
Event: 39.453 Executing VM operation: Cleanup
Event: 39.453 Executing VM operation: Cleanup done
Event: 39.633 Executing VM operation: HandshakeAllThreads (Deoptimize)
Event: 39.633 Executing VM operation: HandshakeAllThreads (Deoptimize) done
Event: 39.770 Executing VM operation: HandshakeAllThreads (Deoptimize)
Event: 39.770 Executing VM operation: HandshakeAllThreads (Deoptimize) done
Event: 39.793 Executing VM operation: HandshakeAllThreads (Deoptimize)
Event: 39.793 Executing VM operation: HandshakeAllThreads (Deoptimize) done
Event: 40.279 Executing VM operation: HandshakeAllThreads (Deoptimize)
Event: 40.279 Executing VM operation: HandshakeAllThreads (Deoptimize) done
Event: 40.280 Executing VM operation: HandshakeAllThreads (Deoptimize)
Event: 40.280 Executing VM operation: HandshakeAllThreads (Deoptimize) done
Event: 40.509 Executing VM operation: HandshakeAllThreads (Deoptimize)
Event: 40.509 Executing VM operation: HandshakeAllThreads (Deoptimize) done
Event: 40.509 Executing VM operation: Cleanup
Event: 40.509 Executing VM operation: Cleanup done
Event: 40.549 Executing VM operation: G1CollectForAllocation (G1 Evacuation Pause)
Event: 40.558 Executing VM operation: G1CollectForAllocation (G1 Evacuation Pause) done

Events (20 events):
Event: 1.343 Thread 0x00007f87a0165500 Thread added: 0x00007f87a0165500
Event: 1.343 Protecting memory [0x00007f8784600000,0x00007f8784604000] with protection modes 0
Event: 1.563 Thread 0x00007f8718000ff0 Thread added: 0x00007f8718000ff0
Event: 1.563 Protecting memory [0x00007f8784500000,0x00007f8784504000] with protection modes 0
Event: 9.008 Thread 0x00007f87a03e8520 Thread added: 0x00007f87a03e8520
Event: 9.008 Protecting memory [0x00007f8784400000,0x00007f8784404000] with protection modes 0
Event: 9.010 Thread 0x00007f87a03ea6a0 Thread added: 0x00007f87a03ea6a0
Event: 9.010 Protecting memory [0x00007f8784300000,0x00007f8784304000] with protection modes 0
Event: 17.328 Thread 0x00007f87a079f350 Thread added: 0x00007f87a079f350
Event: 17.330 Protecting memory [0x00007f872edff000,0x00007f872ee03000] with protection modes 0
Event: 23.054 Thread 0x00007f87a08a2e10 Thread added: 0x00007f87a08a2e10
Event: 23.054 Protecting memory [0x00007f872ecff000,0x00007f872ed03000] with protection modes 0
Event: 26.125 Thread 0x00007f87a079f350 Thread exited: 0x00007f87a079f350
Event: 26.313 Thread 0x00007f87a08a2e10 Thread exited: 0x00007f87a08a2e10
Event: 40.517 Thread 0x00007f87a0db9400 Thread added: 0x00007f87a0db9400
Event: 40.517 Protecting memory [0x00007f872ecff000,0x00007f872ed03000] with protection modes 0
Event: 40.518 Thread 0x00007f86dc02f9c0 Thread added: 0x00007f86dc02f9c0
Event: 40.518 Protecting memory [0x00007f872edff000,0x00007f872ee03000] with protection modes 0
Event: 40.559 Thread 0x00007f87a0dba9c0 Thread added: 0x00007f87a0dba9c0
Event: 40.560 Protecting memory [0x00007f872ebff000,0x00007f872ec03000] with protection modes 0


Dynamic libraries:
a5200000-a7b00000 rw-p 00000000 00:00 0 
a7b00000-a9300000 ---p 00000000 00:00 0 
a9300000-a9900000 rw-p 00000000 00:00 0 
a9900000-aad00000 ---p 00000000 00:00 0 
aad00000-aae00000 rw-p 00000000 00:00 0 
aae00000-ffe00000 ---p 00000000 00:00 0 
ffe00000-fff08000 rw-p 00cea000 08:02 8936403                            /usr/lib/jvm/jdk-21-oracle-x64/lib/server/classes.jsa
fff08000-100000000 rw-p 00000000 00:00 0 
56163ea5a000-56163ea5b000 r-xp 00000000 08:02 8815899                    /usr/lib/jvm/jdk-21-oracle-x64/bin/java
56163ea5c000-56163ea5d000 r--p 00001000 08:02 8815899                    /usr/lib/jvm/jdk-21-oracle-x64/bin/java
56163ea5d000-56163ea5e000 rw-p 00002000 08:02 8815899                    /usr/lib/jvm/jdk-21-oracle-x64/bin/java
56163f172000-56163f1ba000 rw-p 00000000 00:00 0                          [heap]
7f86dc000000-7f86dc045000 rw-p 00000000 00:00 0 
7f86dc045000-7f86e0000000 ---p 00000000 00:00 0 
7f86e0000000-7f86e0021000 rw-p 00000000 00:00 0 
7f86e0021000-7f86e4000000 ---p 00000000 00:00 0 
7f86e4000000-7f86e4021000 rw-p 00000000 00:00 0 
7f86e4021000-7f86e8000000 ---p 00000000 00:00 0 
7f86e8000000-7f86e8403000 rw-p 00000000 00:00 0 
7f86e8403000-7f86ec000000 ---p 00000000 00:00 0 
7f86ec000000-7f86ec021000 rw-p 00000000 00:00 0 
7f86ec021000-7f86f0000000 ---p 00000000 00:00 0 
7f86f0000000-7f86f0021000 rw-p 00000000 00:00 0 
7f86f0021000-7f86f4000000 ---p 00000000 00:00 0 
7f86f4000000-7f86f4021000 rw-p 00000000 00:00 0 
7f86f4021000-7f86f8000000 ---p 00000000 00:00 0 
7f86f8000000-7f86f8021000 rw-p 00000000 00:00 0 
7f86f8021000-7f86fc000000 ---p 00000000 00:00 0 
7f86fc000000-7f86fc021000 rw-p 00000000 00:00 0 
7f86fc021000-7f8700000000 ---p 00000000 00:00 0 
7f8700000000-7f8700028000 rw-p 00000000 00:00 0 
7f8700028000-7f8704000000 ---p 00000000 00:00 0 
7f8704000000-7f8705c86000 rw-p 00000000 00:00 0 
7f8705c86000-7f8708000000 ---p 00000000 00:00 0 
7f8708000000-7f87085c3000 rw-p 00000000 00:00 0 
7f87085c3000-7f870c000000 ---p 00000000 00:00 0 
7f870c000000-7f870c021000 rw-p 00000000 00:00 0 
7f870c021000-7f8710000000 ---p 00000000 00:00 0 
7f8710000000-7f8710021000 rw-p 00000000 00:00 0 
7f8710021000-7f8714000000 ---p 00000000 00:00 0 
7f8714000000-7f8714021000 rw-p 00000000 00:00 0 
7f8714021000-7f8718000000 ---p 00000000 00:00 0 
7f8718000000-7f8718021000 rw-p 00000000 00:00 0 
7f8718021000-7f871c000000 ---p 00000000 00:00 0 
7f871c000000-7f871c021000 rw-p 00000000 00:00 0 
7f871c021000-7f8720000000 ---p 00000000 00:00 0 
7f8720000000-7f8720021000 rw-p 00000000 00:00 0 
7f8720021000-7f8724000000 ---p 00000000 00:00 0 
7f8724000000-7f87243f0000 rw-p 00000000 00:00 0 
7f87243f0000-7f8724af0000 rw-p 00000000 00:00 0 
7f8724af0000-7f8724bf0000 rw-p 00000000 00:00 0 
7f8724bf0000-7f8725170000 rw-p 00000000 00:00 0 
7f8725170000-7f87251f0000 rw-p 00000000 00:00 0 
7f87251f0000-7f87256f0000 rw-p 00000000 00:00 0 
7f87256f0000-7f87257f0000 rw-p 00000000 00:00 0 
7f87257f0000-7f8725b70000 rw-p 00000000 00:00 0 
7f8725b70000-7f8725bb0000 rw-p 00000000 00:00 0 
7f8725bb0000-7f8725c00000 ---p 00000000 00:00 0 
7f8725c00000-7f8725cb0000 rw-p 00000000 00:00 0 
7f8725cb0000-7f8728000000 ---p 00000000 00:00 0 
7f8728000000-7f8728021000 rw-p 00000000 00:00 0 
7f8728021000-7f872c000000 ---p 00000000 00:00 0 
7f872e947000-7f872ebff000 rw-p 00000000 00:00 0 
7f872ebff000-7f872ec03000 ---p 00000000 00:00 0 
7f872ec03000-7f872ecff000 rw-p 00000000 00:00 0 
7f872ecff000-7f872ed03000 ---p 00000000 00:00 0 
7f872ed03000-7f872edff000 rw-p 00000000 00:00 0 
7f872edff000-7f872ee03000 ---p 00000000 00:00 0 
7f872ee03000-7f872eeff000 rw-p 00000000 00:00 0 
7f872eeff000-7f872ef00000 ---p 00000000 00:00 0 
7f872ef00000-7f872f000000 rw-p 00000000 00:00 0 
7f872f000000-7f872fcab000 rw-p 00001000 08:02 8936403                    /usr/lib/jvm/jdk-21-oracle-x64/lib/server/classes.jsa
7f872fcab000-7f8730000000 ---p 00000000 00:00 0 
7f8730000000-7f8730030000 rw-p 00000000 00:00 0 
7f8730030000-7f87300b0000 rw-p 00000000 00:00 0 
7f87300b0000-7f87300f0000 rw-p 00000000 00:00 0 
7f87300f0000-7f87302b0000 rw-p 00000000 00:00 0 
7f87302b0000-7f87302f0000 rw-p 00000000 00:00 0 
7f87302f0000-7f8730300000 ---p 00000000 00:00 0 
7f8730300000-7f8730480000 rw-p 00000000 00:00 0 
7f8730480000-7f8770000000 ---p 00000000 00:00 0 
7f8770000000-7f8770021000 rw-p 00000000 00:00 0 
7f8770021000-7f8774000000 ---p 00000000 00:00 0 
7f8774000000-7f8774021000 rw-p 00000000 00:00 0 
7f8774021000-7f8778000000 ---p 00000000 00:00 0 
7f8778000000-7f8778021000 rw-p 00000000 00:00 0 
7f8778021000-7f877c000000 ---p 00000000 00:00 0 
7f877c000000-7f877c021000 rw-p 00000000 00:00 0 
7f877c021000-7f8780000000 ---p 00000000 00:00 0 
7f8780000000-7f8780021000 rw-p 00000000 00:00 0 
7f8780021000-7f8784000000 ---p 00000000 00:00 0 
7f87840fe000-7f87840ff000 ---p 00000000 00:00 0 
7f87840ff000-7f87841ff000 rw-p 00000000 00:00 0 
7f87841ff000-7f8784200000 ---p 00000000 00:00 0 
7f8784200000-7f8784300000 rw-p 00000000 00:00 0 
7f8784300000-7f8784304000 ---p 00000000 00:00 0 
7f8784304000-7f8784400000 rw-p 00000000 00:00 0 
7f8784400000-7f8784404000 ---p 00000000 00:00 0 
7f8784404000-7f8784500000 rw-p 00000000 00:00 0 
7f8784500000-7f8784504000 ---p 00000000 00:00 0 
7f8784504000-7f8784600000 rw-p 00000000 00:00 0 
7f8784600000-7f8784604000 ---p 00000000 00:00 0 
7f8784604000-7f8784700000 rw-p 00000000 00:00 0 
7f8784700000-7f8784704000 ---p 00000000 00:00 0 
7f8784704000-7f8784800000 rw-p 00000000 00:00 0 
7f8784800000-7f8784804000 ---p 00000000 00:00 0 
7f8784804000-7f8784900000 rw-p 00000000 00:00 0 
7f8784900000-7f8784904000 ---p 00000000 00:00 0 
7f8784904000-7f8784a00000 rw-p 00000000 00:00 0 
7f8784a00000-7f8784a04000 ---p 00000000 00:00 0 
7f8784a04000-7f8784b00000 rw-p 00000000 00:00 0 
7f8784b00000-7f8784b04000 ---p 00000000 00:00 0 
7f8784b04000-7f8784c00000 rw-p 00000000 00:00 0 
7f8784c00000-7f8785173000 r--p 00000000 08:02 8782993                    /usr/lib/locale/locale-archive
7f8785178000-7f8785246000 r-xp 00000000 08:02 8936379                    /usr/lib/jvm/jdk-21-oracle-x64/lib/libjsvml.so
7f8785246000-7f8785247000 r--p 000cd000 08:02 8936379                    /usr/lib/jvm/jdk-21-oracle-x64/lib/libjsvml.so
7f8785247000-7f8785248000 rw-p 000ce000 08:02 8936379                    /usr/lib/jvm/jdk-21-oracle-x64/lib/libjsvml.so
7f8785248000-7f878524c000 ---p 00000000 00:00 0 
7f878524c000-7f87873ec000 rw-p 00000000 00:00 0 
7f87873ec000-7f878744c000 ---p 00000000 00:00 0 
7f878744c000-7f8787464000 rw-p 00000000 00:00 0 
7f8787464000-7f87874b4000 ---p 00000000 00:00 0 
7f87874b4000-7f87874b8000 rw-p 00000000 00:00 0 
7f87874b8000-7f87889f8000 ---p 00000000 00:00 0 
7f87889f8000-7f8788a00000 rw-p 00000000 00:00 0 
7f8788a00000-7f87892c0000 rwxp 00000000 00:00 0 
7f87892c0000-7f878ff37000 ---p 00000000 00:00 0 
7f878ff37000-7f87901a7000 rwxp 00000000 00:00 0 
7f87901a7000-7f87904c8000 ---p 00000000 00:00 0 
7f87904c8000-7f8790738000 rwxp 00000000 00:00 0 
7f8790738000-7f8797a00000 ---p 00000000 00:00 0 
7f8797a00000-7f879fecc000 r--s 00000000 08:02 8936396                    /usr/lib/jvm/jdk-21-oracle-x64/lib/modules
7f879ff00000-7f879ff04000 ---p 00000000 00:00 0 
7f879ff04000-7f87a0000000 rw-p 00000000 00:00 0 
7f87a0000000-7f87a0f65000 rw-p 00000000 00:00 0 
7f87a0f65000-7f87a4000000 ---p 00000000 00:00 0 
7f87a4091000-7f87a4092000 ---p 00000000 00:00 0 
7f87a4092000-7f87a4192000 rw-p 00000000 00:00 0 
7f87a4192000-7f87a4193000 ---p 00000000 00:00 0 
7f87a4193000-7f87a436f000 rw-p 00000000 00:00 0 
7f87a436f000-7f87a4370000 ---p 00000000 00:00 0 
7f87a4370000-7f87a4470000 rw-p 00000000 00:00 0 
7f87a4470000-7f87a4471000 ---p 00000000 00:00 0 
7f87a4471000-7f87a4975000 rw-p 00000000 00:00 0 
7f87a4975000-7f87a4976000 ---p 00000000 00:00 0 
7f87a4976000-7f87a4a76000 rw-p 00000000 00:00 0 
7f87a4a76000-7f87a4a77000 ---p 00000000 00:00 0 
7f87a4a77000-7f87a4b77000 rw-p 00000000 00:00 0 
7f87a4b77000-7f87a4b78000 ---p 00000000 00:00 0 
7f87a4b78000-7f87a4c8d000 rw-p 00000000 00:00 0 
7f87a4c8d000-7f87a4c98000 ---p 00000000 00:00 0 
7f87a4c98000-7f87a4c9c000 rw-p 00000000 00:00 0 
7f87a4c9c000-7f87a4ca5000 ---p 00000000 00:00 0 
7f87a4ca5000-7f87a4ca6000 rw-p 00000000 00:00 0 
7f87a4ca6000-7f87a4f4e000 ---p 00000000 00:00 0 
7f87a4f4e000-7f87a4f64000 rw-p 00000000 00:00 0 
7f87a4f64000-7f87a4f6f000 ---p 00000000 00:00 0 
7f87a4f6f000-7f87a4f73000 rw-p 00000000 00:00 0 
7f87a4f73000-7f87a4f7c000 ---p 00000000 00:00 0 
7f87a4f7c000-7f87a4f7d000 rw-p 00000000 00:00 0 
7f87a4f7d000-7f87a5225000 ---p 00000000 00:00 0 
7f87a5225000-7f87a562f000 rw-p 00000000 00:00 0 
7f87a562f000-7f87a5715000 ---p 00000000 00:00 0 
7f87a5715000-7f87a5727000 rw-p 00000000 00:00 0 
7f87a5727000-7f87a5800000 ---p 00000000 00:00 0 
7f87a5800000-7f87a6b0d000 r-xp 00000000 08:02 8936406                    /usr/lib/jvm/jdk-21-oracle-x64/lib/server/libjvm.so
7f87a6b0d000-7f87a6b0e000 ---p 0130d000 08:02 8936406                    /usr/lib/jvm/jdk-21-oracle-x64/lib/server/libjvm.so
7f87a6b0e000-7f87a6bdb000 r--p 0130d000 08:02 8936406                    /usr/lib/jvm/jdk-21-oracle-x64/lib/server/libjvm.so
7f87a6bdb000-7f87a6c09000 rw-p 013da000 08:02 8936406                    /usr/lib/jvm/jdk-21-oracle-x64/lib/server/libjvm.so
7f87a6c09000-7f87a6c6e000 rw-p 00000000 00:00 0 
7f87a6c78000-7f87a6c7f000 r--s 00000000 08:02 9065824                    /usr/lib/x86_64-linux-gnu/gconv/gconv-modules.cache
7f87a6c7f000-7f87a6c84000 r-xp 00000000 08:02 8936384                    /usr/lib/jvm/jdk-21-oracle-x64/lib/libmanagement_ext.so
7f87a6c84000-7f87a6c85000 ---p 00005000 08:02 8936384                    /usr/lib/jvm/jdk-21-oracle-x64/lib/libmanagement_ext.so
7f87a6c85000-7f87a6c86000 r--p 00005000 08:02 8936384                    /usr/lib/jvm/jdk-21-oracle-x64/lib/libmanagement_ext.so
7f87a6c86000-7f87a6c87000 rw-p 00006000 08:02 8936384                    /usr/lib/jvm/jdk-21-oracle-x64/lib/libmanagement_ext.so
7f87a6c87000-7f87a6c8b000 r-xp 00000000 08:02 8936382                    /usr/lib/jvm/jdk-21-oracle-x64/lib/libmanagement.so
7f87a6c8b000-7f87a6c8c000 r--p 00003000 08:02 8936382                    /usr/lib/jvm/jdk-21-oracle-x64/lib/libmanagement.so
7f87a6c8c000-7f87a6c8d000 rw-p 00004000 08:02 8936382                    /usr/lib/jvm/jdk-21-oracle-x64/lib/libmanagement.so
7f87a6c8d000-7f87a6c8f000 r-xp 00000000 08:02 8936364                    /usr/lib/jvm/jdk-21-oracle-x64/lib/libextnet.so
7f87a6c8f000-7f87a6c90000 r--p 00001000 08:02 8936364                    /usr/lib/jvm/jdk-21-oracle-x64/lib/libextnet.so
7f87a6c90000-7f87a6c91000 rw-p 00002000 08:02 8936364                    /usr/lib/jvm/jdk-21-oracle-x64/lib/libextnet.so
7f87a6c91000-7f87a6c9d000 r-xp 00000000 08:02 8936386                    /usr/lib/jvm/jdk-21-oracle-x64/lib/libnet.so
7f87a6c9d000-7f87a6c9e000 r--p 0000b000 08:02 8936386                    /usr/lib/jvm/jdk-21-oracle-x64/lib/libnet.so
7f87a6c9e000-7f87a6c9f000 rw-p 0000c000 08:02 8936386                    /usr/lib/jvm/jdk-21-oracle-x64/lib/libnet.so
7f87a6c9f000-7f87a6cb2000 r-xp 00000000 08:02 8936387                    /usr/lib/jvm/jdk-21-oracle-x64/lib/libnio.so
7f87a6cb2000-7f87a6cb3000 ---p 00013000 08:02 8936387                    /usr/lib/jvm/jdk-21-oracle-x64/lib/libnio.so
7f87a6cb3000-7f87a6cb4000 r--p 00013000 08:02 8936387                    /usr/lib/jvm/jdk-21-oracle-x64/lib/libnio.so
7f87a6cb4000-7f87a6cb5000 rw-p 00014000 08:02 8936387                    /usr/lib/jvm/jdk-21-oracle-x64/lib/libnio.so
7f87a6cb5000-7f87a6cbc000 r-xp 00000000 08:02 8936395                    /usr/lib/jvm/jdk-21-oracle-x64/lib/libzip.so
7f87a6cbc000-7f87a6cbd000 ---p 00007000 08:02 8936395                    /usr/lib/jvm/jdk-21-oracle-x64/lib/libzip.so
7f87a6cbd000-7f87a6cbe000 r--p 00007000 08:02 8936395                    /usr/lib/jvm/jdk-21-oracle-x64/lib/libzip.so
7f87a6cbe000-7f87a6cbf000 rw-p 00008000 08:02 8936395                    /usr/lib/jvm/jdk-21-oracle-x64/lib/libzip.so
7f87a6cbf000-7f87a6d00000 rw-p 00000000 00:00 0 
7f87a6d00000-7f87a6d04000 ---p 00000000 00:00 0 
7f87a6d04000-7f87a6e00000 rw-p 00000000 00:00 0 
7f87a6e00000-7f87a6e28000 r--p 00000000 08:02 8784102                    /usr/lib/x86_64-linux-gnu/libc.so.6
7f87a6e28000-7f87a6fbd000 r-xp 00028000 08:02 8784102                    /usr/lib/x86_64-linux-gnu/libc.so.6
7f87a6fbd000-7f87a7015000 r--p 001bd000 08:02 8784102                    /usr/lib/x86_64-linux-gnu/libc.so.6
7f87a7015000-7f87a7019000 r--p 00214000 08:02 8784102                    /usr/lib/x86_64-linux-gnu/libc.so.6
7f87a7019000-7f87a701b000 rw-p 00218000 08:02 8784102                    /usr/lib/x86_64-linux-gnu/libc.so.6
7f87a701b000-7f87a7028000 rw-p 00000000 00:00 0 
7f87a7028000-7f87a705e000 rw-p 00000000 00:00 0 
7f87a705e000-7f87a7065000 ---p 00000000 00:00 0 
7f87a7065000-7f87a706d000 rw-s 00000000 08:02 11665503                   /tmp/hsperfdata_arvind/8578
7f87a706d000-7f87a708d000 r-xp 00000000 08:02 8936371                    /usr/lib/jvm/jdk-21-oracle-x64/lib/libjava.so
7f87a708d000-7f87a708e000 ---p 00020000 08:02 8936371                    /usr/lib/jvm/jdk-21-oracle-x64/lib/libjava.so
7f87a708e000-7f87a708f000 r--p 00020000 08:02 8936371                    /usr/lib/jvm/jdk-21-oracle-x64/lib/libjava.so
7f87a708f000-7f87a7090000 rw-p 00021000 08:02 8936371                    /usr/lib/jvm/jdk-21-oracle-x64/lib/libjava.so
7f87a7090000-7f87a7091000 rw-p 00000000 00:00 0 
7f87a7091000-7f87a70ac000 r-xp 00000000 08:02 8936375                    /usr/lib/jvm/jdk-21-oracle-x64/lib/libjimage.so
7f87a70ac000-7f87a70ad000 ---p 0001b000 08:02 8936375                    /usr/lib/jvm/jdk-21-oracle-x64/lib/libjimage.so
7f87a70ad000-7f87a70af000 r--p 0001b000 08:02 8936375                    /usr/lib/jvm/jdk-21-oracle-x64/lib/libjimage.so
7f87a70af000-7f87a70b0000 rw-p 0001d000 08:02 8936375                    /usr/lib/jvm/jdk-21-oracle-x64/lib/libjimage.so
7f87a70b0000-7f87a70be000 r--p 00000000 08:02 8784126                    /usr/lib/x86_64-linux-gnu/libm.so.6
7f87a70be000-7f87a713a000 r-xp 0000e000 08:02 8784126                    /usr/lib/x86_64-linux-gnu/libm.so.6
7f87a713a000-7f87a7195000 r--p 0008a000 08:02 8784126                    /usr/lib/x86_64-linux-gnu/libm.so.6
7f87a7195000-7f87a7196000 r--p 000e4000 08:02 8784126                    /usr/lib/x86_64-linux-gnu/libm.so.6
7f87a7196000-7f87a7197000 rw-p 000e5000 08:02 8784126                    /usr/lib/x86_64-linux-gnu/libm.so.6
7f87a7197000-7f87a7198000 r--p 00000000 08:02 8786644                    /usr/lib/x86_64-linux-gnu/librt.so.1
7f87a7198000-7f87a7199000 r-xp 00001000 08:02 8786644                    /usr/lib/x86_64-linux-gnu/librt.so.1
7f87a7199000-7f87a719a000 r--p 00002000 08:02 8786644                    /usr/lib/x86_64-linux-gnu/librt.so.1
7f87a719a000-7f87a719b000 r--p 00002000 08:02 8786644                    /usr/lib/x86_64-linux-gnu/librt.so.1
7f87a719b000-7f87a719c000 rw-p 00003000 08:02 8786644                    /usr/lib/x86_64-linux-gnu/librt.so.1
7f87a719c000-7f87a71a0000 rw-p 00000000 00:00 0 
7f87a71a0000-7f87a71a1000 r--p 00000000 08:02 8784111                    /usr/lib/x86_64-linux-gnu/libdl.so.2
7f87a71a1000-7f87a71a2000 r-xp 00001000 08:02 8784111                    /usr/lib/x86_64-linux-gnu/libdl.so.2
7f87a71a2000-7f87a71a3000 r--p 00002000 08:02 8784111                    /usr/lib/x86_64-linux-gnu/libdl.so.2
7f87a71a3000-7f87a71a4000 r--p 00002000 08:02 8784111                    /usr/lib/x86_64-linux-gnu/libdl.so.2
7f87a71a4000-7f87a71a5000 rw-p 00003000 08:02 8784111                    /usr/lib/x86_64-linux-gnu/libdl.so.2
7f87a71a5000-7f87a71a6000 r--p 00000000 08:02 8786642                    /usr/lib/x86_64-linux-gnu/libpthread.so.0
7f87a71a6000-7f87a71a7000 r-xp 00001000 08:02 8786642                    /usr/lib/x86_64-linux-gnu/libpthread.so.0
7f87a71a7000-7f87a71a8000 r--p 00002000 08:02 8786642                    /usr/lib/x86_64-linux-gnu/libpthread.so.0
7f87a71a8000-7f87a71a9000 r--p 00002000 08:02 8786642                    /usr/lib/x86_64-linux-gnu/libpthread.so.0
7f87a71a9000-7f87a71aa000 rw-p 00003000 08:02 8786642                    /usr/lib/x86_64-linux-gnu/libpthread.so.0
7f87a71aa000-7f87a71b8000 r-xp 00000000 08:02 8936376                    /usr/lib/jvm/jdk-21-oracle-x64/lib/libjli.so
7f87a71b8000-7f87a71b9000 ---p 0000e000 08:02 8936376                    /usr/lib/jvm/jdk-21-oracle-x64/lib/libjli.so
7f87a71b9000-7f87a71ba000 r--p 0000e000 08:02 8936376                    /usr/lib/jvm/jdk-21-oracle-x64/lib/libjli.so
7f87a71ba000-7f87a71bb000 rw-p 0000f000 08:02 8936376                    /usr/lib/jvm/jdk-21-oracle-x64/lib/libjli.so
7f87a71bb000-7f87a71bd000 r--p 00000000 08:02 8789831                    /usr/lib/x86_64-linux-gnu/libz.so.1.2.11
7f87a71bd000-7f87a71ce000 r-xp 00002000 08:02 8789831                    /usr/lib/x86_64-linux-gnu/libz.so.1.2.11
7f87a71ce000-7f87a71d4000 r--p 00013000 08:02 8789831                    /usr/lib/x86_64-linux-gnu/libz.so.1.2.11
7f87a71d4000-7f87a71d5000 ---p 00019000 08:02 8789831                    /usr/lib/x86_64-linux-gnu/libz.so.1.2.11
7f87a71d5000-7f87a71d6000 r--p 00019000 08:02 8789831                    /usr/lib/x86_64-linux-gnu/libz.so.1.2.11
7f87a71d6000-7f87a71d7000 rw-p 0001a000 08:02 8789831                    /usr/lib/x86_64-linux-gnu/libz.so.1.2.11
7f87a71d8000-7f87a71e2000 r-xp 00000000 08:02 8936366                    /usr/lib/jvm/jdk-21-oracle-x64/lib/libinstrument.so
7f87a71e2000-7f87a71e3000 ---p 0000a000 08:02 8936366                    /usr/lib/jvm/jdk-21-oracle-x64/lib/libinstrument.so
7f87a71e3000-7f87a71e4000 r--p 0000a000 08:02 8936366                    /usr/lib/jvm/jdk-21-oracle-x64/lib/libinstrument.so
7f87a71e4000-7f87a71e5000 rw-p 0000b000 08:02 8936366                    /usr/lib/jvm/jdk-21-oracle-x64/lib/libinstrument.so
7f87a71e5000-7f87a71e6000 ---p 00000000 00:00 0 
7f87a71e6000-7f87a71e7000 r--p 00000000 00:00 0 
7f87a71e7000-7f87a71e9000 rw-p 00000000 00:00 0 
7f87a71e9000-7f87a71eb000 r--p 00000000 08:02 8784078                    /usr/lib/x86_64-linux-gnu/ld-linux-x86-64.so.2
7f87a71eb000-7f87a7215000 r-xp 00002000 08:02 8784078                    /usr/lib/x86_64-linux-gnu/ld-linux-x86-64.so.2
7f87a7215000-7f87a7220000 r--p 0002c000 08:02 8784078                    /usr/lib/x86_64-linux-gnu/ld-linux-x86-64.so.2
7f87a7220000-7f87a7221000 ---p 00000000 00:00 0 
7f87a7221000-7f87a7223000 r--p 00037000 08:02 8784078                    /usr/lib/x86_64-linux-gnu/ld-linux-x86-64.so.2
7f87a7223000-7f87a7225000 rw-p 00039000 08:02 8784078                    /usr/lib/x86_64-linux-gnu/ld-linux-x86-64.so.2
7ffd447cb000-7ffd447ee000 rw-p 00000000 00:00 0                          [stack]
7ffd447f4000-7ffd447f8000 r--p 00000000 00:00 0                          [vvar]
7ffd447f8000-7ffd447fa000 r-xp 00000000 00:00 0                          [vdso]
ffffffffff600000-ffffffffff601000 --xp 00000000 00:00 0                  [vsyscall]
Total number of mappings: 261


VM Arguments:
jvm_args: -javaagent:/snap/intellij-idea-community/475/lib/idea_rt.jar=35661:/snap/intellij-idea-community/475/bin -Dfile.encoding=UTF-8 -Dsun.stdout.encoding=UTF-8 -Dsun.stderr.encoding=UTF-8 
java_command: dev.arvip.contentcalendar.Application
java_class_path (initial): /home/arvind/CodeRepo/Java/GitProject/Java_Spring/content-calendar/target/classes:/home/arvind/.m2/repository/org/springframework/boot/spring-boot-starter-web/3.2.0/spring-boot-starter-web-3.2.0.jar:/home/arvind/.m2/repository/org/springframework/boot/spring-boot-starter/3.2.0/spring-boot-starter-3.2.0.jar:/home/arvind/.m2/repository/org/springframework/boot/spring-boot/3.2.0/spring-boot-3.2.0.jar:/home/arvind/.m2/repository/org/springframework/boot/spring-boot-autoconfigure/3.2.0/spring-boot-autoconfigure-3.2.0.jar:/home/arvind/.m2/repository/org/springframework/boot/spring-boot-starter-logging/3.2.0/spring-boot-starter-logging-3.2.0.jar:/home/arvind/.m2/repository/ch/qos/logback/logback-classic/1.4.11/logback-classic-1.4.11.jar:/home/arvind/.m2/repository/ch/qos/logback/logback-core/1.4.11/logback-core-1.4.11.jar:/home/arvind/.m2/repository/org/apache/logging/log4j/log4j-to-slf4j/2.21.1/log4j-to-slf4j-2.21.1.jar:/home/arvind/.m2/repository/org/apache/logging/log4j/log4j-api/2.21.1/log4j-api-2.21.1.jar:/home/arvind/.m2/repository/org/slf4j/jul-to-slf4j/2.0.9/jul-to-slf4j-2.0.9.jar:/home/arvind/.m2/repository/jakarta/annotation/jakarta.annotation-api/2.1.1/jakarta.annotation-api-2.1.1.jar:/home/arvind/.m2/repository/org/yaml/snakeyaml/2.2/snakeyaml-2.2.jar:/home/arvind/.m2/repository/org/springframework/boot/spring-boot-starter-json/3.2.0/spring-boot-starter-json-3.2.0.jar:/home/arvind/.m2/repository/com/fasterxml/jackson/core/jackson-databind/2.15.3/jackson-databind-2.15.3.jar:/home/arvind/.m2/repository/com/fasterxml/jackson/core/jackson-annotations/2.15.3/jackson-annotations-2.15.3.jar:/home/arvind/.m2/repository/com/fasterxml/jackson/core/jackson-core/2.15.3/jackson-core-2.15.3.jar:/home/arvind/.m2/repository/com/fasterxml/jackson/datatype/jackson-datatype-jdk8/2.15.3/jackson-datatype-jdk8-2.15.3.jar:/home/arvind/.m2/repository/com/fasterxml/jackson/datatype/jackson-datatype-jsr310/2.15.3/jackson-datatype-jsr310-2.15.3.jar:/home/arvind/.m2/repository/com/fasterxml/jackson/module/jackson-module-parameter-names/2.15.3/jackson-module-parameter-names-2.15.3.jar:/home/arvind/.m2/repository/org/springframework/boot/spring-boot-starter-tomcat/3.2.0/spring-boot-starter-tomcat-3.2.0.jar:/home/arvind/.m2/repository/org/apache/tomcat/embed/tomcat-embed-core/10.1.16/tomcat-embed-core-10.1.16.jar:/home/arvind/.m2/repository/org/apache/tomcat/embed/tomcat-embed-websocket/10.1.16/tomcat-embed-websocket-10.1.16.jar:/home/arvind/.m2/repository/org/springframework/spring-web/6.1.1/spring-web-6.1.1.jar:/home/arvind/.m2/repository/org/springframework/spring-beans/6.1.1/spring-beans-6.1.1.jar:/home/arvind/.m2/repository/org/springframework/spring-webmvc/6.1.1/spring-webmvc-6.1.1.jar:/home/arvind/.m2/repository/org/springframework/spring-aop/6.1.1/spring-aop-6.1.1.jar:/home/arvind/.m2/repository/org/springframework/spring-context/6.1.1/spring-context-6.1.1.jar:/home/arvind/.m2/repository/org/springframework/spring-expression/6.1.1/spring-expression-6.1.1.jar:/home/arvind/.m2/repository/org/springframework/boot/spring-boot-starter-validation/3.2.0/spring-boot-starter-validation-3.2.0.jar:/home/arvind/.m2/repository/org/apache/tomcat/embed/tomcat-embed-el/10.1.16/tomcat-embed-el-10.1.16.jar:/home/arvind/.m2/repository/org/hibernate/validator/hibernate-validator/8.0.1.Final/hibernate-validator-8.0.1.Final.jar:/home/arvind/.m2/repository/jakarta/validation/jakarta.validation-api/3.0.2/jakarta.validation-api-3.0.2.jar:/home/arvind/.m2/repository/org/jboss/logging/jboss-logging/3.5.3.Final/jboss-logging-3.5.3.Final.jar:/home/arvind/.m2/repository/com/fasterxml/classmate/1.6.0/classmate-1.6.0.jar:/home/arvind/.m2/repository/org/springframework/boot/spring-boot-starter-data-jdbc/3.2.0/spring-boot-starter-data-jdbc-3.2.0.jar:/home/arvind/.m2/repository/org/springframework/boot/spring-boot-starter-jdbc/3.2.0/spring-boot-starter-jdbc-3.2.0.jar:/home/arvind/.m2/repository/com/zaxxer/HikariCP/5.0.1/HikariCP-5.0.1.jar:/home/arvind/.m2/repository/org/springframework/spring-jdbc/6.1.1/spring-jdbc-6.1.1.jar:/home/arvind/.m2/repository/org/springframework/data/spring-data-jdbc/3.2.0/spring-data-jdbc-3.2.0.jar:/home/arvind/.m2/repository/org/springframework/data/spring-data-relational/3.2.0/spring-data-relational-3.2.0.jar:/home/arvind/.m2/repository/com/github/jsqlparser/jsqlparser/4.6/jsqlparser-4.6.jar:/home/arvind/.m2/repository/org/springframework/data/spring-data-commons/3.2.0/spring-data-commons-3.2.0.jar:/home/arvind/.m2/repository/org/springframework/spring-tx/6.1.1/spring-tx-6.1.1.jar:/home/arvind/.m2/repository/org/slf4j/slf4j-api/2.0.9/slf4j-api-2.0.9.jar:/home/arvind/.m2/repository/org/springframework/boot/spring-boot-configuration-processor/3.2.0/spring-boot-configuration-processor-3.2.0.jar:/home/arvind/.m2/repository/org/springframework/boot/spring-boot-starter-actuator/3.2.0/spring-boot-starter-actuator-3.2.0.jar:/home/arvind/.m2/repository/org/springframework/boot/spring-boot-actuator-autoconfigure/3.2.0/spring-boot-actuator-autoconfigure-3.2.0.jar:/home/arvind/.m2/repository/org/springframework/boot/spring-boot-actuator/3.2.0/spring-boot-actuator-3.2.0.jar:/home/arvind/.m2/repository/io/micrometer/micrometer-observation/1.12.0/micrometer-observation-1.12.0.jar:/home/arvind/.m2/repository/io/micrometer/micrometer-commons/1.12.0/micrometer-commons-1.12.0.jar:/home/arvind/.m2/repository/io/micrometer/micrometer-jakarta9/1.12.0/micrometer-jakarta9-1.12.0.jar:/home/arvind/.m2/repository/io/micrometer/micrometer-core/1.12.0/micrometer-core-1.12.0.jar:/home/arvind/.m2/repository/org/hdrhistogram/HdrHistogram/2.1.12/HdrHistogram-2.1.12.jar:/home/arvind/.m2/repository/org/latencyutils/LatencyUtils/2.0.3/LatencyUtils-2.0.3.jar:/home/arvind/.m2/repository/org/postgresql/postgresql/42.6.0/postgresql-42.6.0.jar:/home/arvind/.m2/repository/org/checkerframework/checker-qual/3.31.0/checker-qual-3.31.0.jar:/home/arvind/.m2/repository/org/springframework/spring-core/6.1.1/spring-core-6.1.1.jar:/home/arvind/.m2/repository/org/springframework/spring-jcl/6.1.1/spring-jcl-6.1.1.jar
Launcher Type: SUN_STANDARD

[Global flags]
     intx CICompilerCount                          = 3                                         {product} {ergonomic}
     uint ConcGCThreads                            = 1                                         {product} {ergonomic}
     uint G1ConcRefinementThreads                  = 4                                         {product} {ergonomic}
   size_t G1HeapRegionSize                         = 1048576                                   {product} {ergonomic}
    uintx GCDrainStackTargetSize                   = 64                                        {product} {ergonomic}
   size_t InitialHeapSize                          = 96468992                                  {product} {ergonomic}
   size_t MarkStackSize                            = 4194304                                   {product} {ergonomic}
   size_t MaxHeapSize                              = 1524629504                                {product} {ergonomic}
   size_t MaxNewSize                               = 914358272                                 {product} {ergonomic}
   size_t MinHeapDeltaBytes                        = 1048576                                   {product} {ergonomic}
   size_t MinHeapSize                              = 8388608                                   {product} {ergonomic}
    uintx NonNMethodCodeHeapSize                   = 5832780                                {pd product} {ergonomic}
    uintx NonProfiledCodeHeapSize                  = 122912730                              {pd product} {ergonomic}
    uintx ProfiledCodeHeapSize                     = 122912730                              {pd product} {ergonomic}
    uintx ReservedCodeCacheSize                    = 251658240                              {pd product} {ergonomic}
     bool SegmentedCodeCache                       = true                                      {product} {ergonomic}
   size_t SoftMaxHeapSize                          = 1524629504                             {manageable} {ergonomic}
     bool UseCompressedOops                        = true                           {product lp64_product} {ergonomic}
     bool UseG1GC                                  = true                                      {product} {ergonomic}

Logging:
Log output configuration:
 #0: stdout all=warning uptime,level,tags foldmultilines=false
 #1: stderr all=off uptime,level,tags foldmultilines=false

Environment Variables:
JAVA_HOME=/usr/lib/jvm/jdk-21-oracle-x64/bin
PATH=/usr/local/sbin:/usr/local/bin:/usr/sbin:/usr/bin:/sbin:/bin:/usr/games:/usr/local/games:/snap/bin:/snap/bin
USERNAME=arvind
SHELL=/bin/bash
DISPLAY=:0
LANG=en_CA.UTF-8

Active Locale:
LC_ALL=en_CA.UTF-8
LC_COLLATE=en_CA.UTF-8
LC_CTYPE=en_CA.UTF-8
LC_MESSAGES=en_CA.UTF-8
LC_MONETARY=en_CA.UTF-8
LC_NUMERIC=en_CA.UTF-8
LC_TIME=en_CA.UTF-8

Signal Handlers:
   SIGSEGV: crash_handler in libjvm.so, mask=11100100010111111101111111111110, flags=SA_RESTART|SA_SIGINFO, unblocked
    SIGBUS: crash_handler in libjvm.so, mask=11100100010111111101111111111110, flags=SA_RESTART|SA_SIGINFO, unblocked
    SIGFPE: crash_handler in libjvm.so, mask=11100100010111111101111111111110, flags=SA_RESTART|SA_SIGINFO, unblocked
   SIGPIPE: javaSignalHandler in libjvm.so, mask=11100100010111111101111111111110, flags=SA_RESTART|SA_SIGINFO, blocked
   SIGXFSZ: javaSignalHandler in libjvm.so, mask=11100100010111111101111111111110, flags=SA_RESTART|SA_SIGINFO, blocked
    SIGILL: crash_handler in libjvm.so, mask=11100100010111111101111111111110, flags=SA_RESTART|SA_SIGINFO, unblocked
   SIGUSR2: SR_handler in libjvm.so, mask=00100000000000000000000000000000, flags=SA_RESTART|SA_SIGINFO, blocked
    SIGHUP: UserHandler in libjvm.so, mask=11100100010111111101111111111110, flags=SA_RESTART|SA_SIGINFO, blocked
    SIGINT: UserHandler in libjvm.so, mask=11100100010111111101111111111110, flags=SA_RESTART|SA_SIGINFO, blocked
   SIGTERM: UserHandler in libjvm.so, mask=11100100010111111101111111111110, flags=SA_RESTART|SA_SIGINFO, blocked
   SIGQUIT: UserHandler in libjvm.so, mask=11100100010111111101111111111110, flags=SA_RESTART|SA_SIGINFO, blocked
   SIGTRAP: crash_handler in libjvm.so, mask=11100100010111111101111111111110, flags=SA_RESTART|SA_SIGINFO, unblocked


Periodic native trim disabled

---------------  S Y S T E M  ---------------

OS:
DISTRIB_ID=Ubuntu
DISTRIB_RELEASE=22.04
DISTRIB_CODENAME=jammy
DISTRIB_DESCRIPTION="Ubuntu 22.04.3 LTS"
uname: Linux 6.2.0-39-generic #40~22.04.1-Ubuntu SMP PREEMPT_DYNAMIC Thu Nov 16 10:53:04 UTC 2 x86_64
OS uptime: 0 days 1:09 hours
libc: glibc 2.35 NPTL 2.35 
rlimit (soft/hard): STACK 8192k/infinity , CORE 0k/infinity , NPROC 22936/22936 , NOFILE 1048576/1048576 , AS infinity/infinity , CPU infinity/infinity , DATA infinity/infinity , FSIZE infinity/infinity , MEMLOCK 743532k/743532k
load average: 3.56 2.19 2.19

/proc/meminfo:
MemTotal:        5948264 kB
MemFree:          165188 kB
MemAvailable:     885944 kB
Buffers:           18872 kB
Cached:          1489548 kB
SwapCached:        72788 kB
Active:          1390568 kB
Inactive:        3896752 kB
Active(anon):     942036 kB
Inactive(anon):  3445940 kB
Active(file):     448532 kB
Inactive(file):   450812 kB
Unevictable:       89824 kB
Mlocked:              16 kB
SwapTotal:       2097148 kB
SwapFree:        1373992 kB
Zswap:                 0 kB
Zswapped:              0 kB
Dirty:              1992 kB
Writeback:             0 kB
AnonPages:       3843252 kB
Mapped:           505276 kB
Shmem:            608908 kB
KReclaimable:     102632 kB
Slab:             248388 kB
SReclaimable:     102632 kB
SUnreclaim:       145756 kB
KernelStack:       18176 kB
PageTables:        46608 kB
SecPageTables:         0 kB
NFS_Unstable:          0 kB
Bounce:                0 kB
WritebackTmp:          0 kB
CommitLimit:     5071280 kB
Committed_AS:   10748028 kB
VmallocTotal:   34359738367 kB
VmallocUsed:       45800 kB
VmallocChunk:          0 kB
Percpu:             7072 kB
HardwareCorrupted:     0 kB
AnonHugePages:         0 kB
ShmemHugePages:        0 kB
ShmemPmdMapped:        0 kB
FileHugePages:         0 kB
FilePmdMapped:         0 kB
HugePages_Total:       0
HugePages_Free:        0
HugePages_Rsvd:        0
HugePages_Surp:        0
Hugepagesize:       2048 kB
Hugetlb:               0 kB
DirectMap4k:      131836 kB
DirectMap2M:     6049792 kB

/sys/kernel/mm/transparent_hugepage/enabled: always [madvise] never
/sys/kernel/mm/transparent_hugepage/defrag (defrag/compaction efforts parameter): always defer defer+madvise [madvise] never

Process Memory:
Virtual Size: 4773372K (peak: 4773372K)
Resident Set Size: 191256K (peak: 191256K) (anon: 166964K, file: 24292K, shmem: 0K)
Swapped out: 0K
C-Heap outstanding allocations: 64108K, retained: 6251K
glibc malloc tunables: (default)

/proc/sys/kernel/threads-max (system-wide limit on the number of threads): 45873
/proc/sys/vm/max_map_count (maximum number of memory map areas a process may have): 65530
/proc/sys/kernel/pid_max (system-wide limit on number of process identifiers): 4194304

container (cgroup) information:
container_type: cgroupv2
cpu_cpuset_cpus: not supported
cpu_memory_nodes: not supported
active_processor_count: 4
cpu_quota: not supported
cpu_period: not supported
cpu_shares: not supported
memory_limit_in_bytes: unlimited
memory_and_swap_limit_in_bytes: unlimited
memory_soft_limit_in_bytes: unlimited
memory_usage_in_bytes: 2485844 k
memory_max_usage_in_bytes: not supported
memory_swap_current_in_bytes: 101292 k
memory_swap_max_limit_in_bytes: unlimited
maximum number of tasks: 6880
current number of tasks: 175

Steal ticks since vm start: 0
Steal ticks percentage since vm start:  0.000

CPU: total 4 (initial active 4) (2 cores per cpu, 2 threads per core) family 6 model 58 stepping 9 microcode 0x21, cx8, cmov, fxsr, ht, mmx, sse, sse2, sse3, ssse3, sse4.1, sse4.2, popcnt, tsc, tscinvbit, avx, aes, erms, clmul, vzeroupper, clflush, rdtscp, f16c
CPU Model and flags from /proc/cpuinfo:
model name	: Intel(R) Core(TM) i5-3230M CPU @ 2.60GHz
flags		: fpu vme de pse tsc msr pae mce cx8 apic sep mtrr pge mca cmov pat pse36 clflush dts acpi mmx fxsr sse sse2 ss ht tm pbe syscall nx rdtscp lm constant_tsc arch_perfmon pebs bts rep_good nopl xtopology nonstop_tsc cpuid aperfmperf pni pclmulqdq dtes64 monitor ds_cpl est tm2 ssse3 cx16 xtpr pdcm pcid sse4_1 sse4_2 x2apic popcnt tsc_deadline_timer aes xsave avx f16c rdrand lahf_lm cpuid_fault epb pti ssbd ibrs ibpb stibp fsgsbase smep erms xsaveopt dtherm ida arat pln pts md_clear flush_l1d

Online cpus: 0-3
Offline cpus: 4-7
BIOS frequency limitation: <Not Available>
Frequency switch latency (ns): 20000
Available cpu frequencies: <Not Available>
Current governor: schedutil
Core performance/turbo boost: <Not Available>

Memory: 4k page, physical 5948264k(885944k free), swap 2097148k(1373992k free)
Page Sizes: 4k

vm_info: Java HotSpot(TM) 64-Bit Server VM (21.0.1+12-LTS-29) for linux-amd64 JRE (21.0.1+12-LTS-29), built on 2023-10-05T13:27:09Z by "mach5one" with gcc 11.2.0

END.
